2025-07-25 19:36:10 INFO  [background-preinit] o.h.validator.internal.util.Version - HV000001: Hibernate Validator 8.0.2.Final
2025-07-25 19:36:10 INFO  [main] c.s.irctc.IrctcBackendApplication - Starting IrctcBackendApplication using Java 21.0.1 with PID 23518 (/Users/durgesh_mac/Documents/Workspace/Live batch/backendX-2405/mvc/irctc-backend/target/classes started by durgesh_mac in /Users/durgesh_mac/Documents/Workspace/Live batch/backendX-2405/mvc/irctc-backend)
2025-07-25 19:36:10 INFO  [main] c.s.irctc.IrctcBackendApplication - No active profile set, falling back to 1 default profile: "default"
2025-07-25 19:36:10 INFO  [main] o.s.d.r.c.RepositoryConfigurationDelegate - Bootstrapping Spring Data JPA repositories in DEFAULT mode.
2025-07-25 19:36:10 INFO  [main] o.s.d.r.c.RepositoryConfigurationDelegate - Finished Spring Data repository scanning in 38 ms. Found 9 JPA repository interfaces.
2025-07-25 19:36:11 INFO  [main] o.s.b.w.e.tomcat.TomcatWebServer - Tomcat initialized with port 8081 (http)
2025-07-25 19:36:11 INFO  [main] o.a.coyote.http11.Http11NioProtocol - Initializing ProtocolHandler ["http-nio-8081"]
2025-07-25 19:36:11 INFO  [main] o.a.catalina.core.StandardService - Starting service [Tomcat]
2025-07-25 19:36:11 INFO  [main] o.a.catalina.core.StandardEngine - Starting Servlet engine: [Apache Tomcat/10.1.41]
2025-07-25 19:36:11 INFO  [main] o.a.c.c.C.[Tomcat].[localhost].[/] - Initializing Spring embedded WebApplicationContext
2025-07-25 19:36:11 INFO  [main] o.s.b.w.s.c.ServletWebServerApplicationContext - Root WebApplicationContext: initialization completed in 905 ms
2025-07-25 19:36:11 INFO  [main] o.h.jpa.internal.util.LogHelper - HHH000204: Processing PersistenceUnitInfo [name: default]
2025-07-25 19:36:11 INFO  [main] org.hibernate.Version - HHH000412: Hibernate ORM core version 6.6.15.Final
2025-07-25 19:36:11 INFO  [main] o.h.c.i.RegionFactoryInitiator - HHH000026: Second-level cache disabled
2025-07-25 19:36:11 INFO  [main] o.s.o.j.p.SpringPersistenceUnitInfo - No LoadTimeWeaver setup: ignoring JPA class transformer
2025-07-25 19:36:11 INFO  [main] com.zaxxer.hikari.HikariDataSource - HikariPool-1 - Starting...
2025-07-25 19:36:11 INFO  [main] com.zaxxer.hikari.pool.HikariPool - HikariPool-1 - Added connection com.mysql.cj.jdbc.ConnectionImpl@217b0952
2025-07-25 19:36:11 INFO  [main] com.zaxxer.hikari.HikariDataSource - HikariPool-1 - Start completed.
2025-07-25 19:36:11 WARN  [main] org.hibernate.orm.deprecation - HHH90000025: MySQL8Dialect does not need to be specified explicitly using 'hibernate.dialect' (remove the property setting and it will be selected by default)
2025-07-25 19:36:11 WARN  [main] org.hibernate.orm.deprecation - HHH90000026: MySQL8Dialect has been deprecated; use org.hibernate.dialect.MySQLDialect instead
2025-07-25 19:36:11 INFO  [main] o.hibernate.orm.connections.pooling - HHH10001005: Database info:
	Database JDBC URL [Connecting through datasource 'HikariDataSource (HikariPool-1)']
	Database driver: undefined/unknown
	Database version: 8.0
	Autocommit mode: undefined/unknown
	Isolation level: undefined/unknown
	Minimum pool size: undefined/unknown
	Maximum pool size: undefined/unknown
2025-07-25 19:36:12 INFO  [main] o.h.e.t.j.p.i.JtaPlatformInitiator - HHH000489: No JTA platform available (set 'hibernate.transaction.jta.platform' to enable JTA platform integration)
2025-07-25 19:36:12 INFO  [main] o.s.o.j.LocalContainerEntityManagerFactoryBean - Initialized JPA EntityManagerFactory for persistence unit 'default'
2025-07-25 19:36:12 DEBUG [main] c.s.i.c.s.JwtAuthenticationFilter - Filter 'jwtAuthenticationFilter' configured for use
2025-07-25 19:36:12 INFO  [main] o.s.s.c.a.a.c.InitializeUserDetailsBeanManagerConfigurer$InitializeUserDetailsManagerConfigurer - Global AuthenticationManager configured with UserDetailsService bean with name customUserDetailService
2025-07-25 19:36:12 INFO  [main] o.s.d.j.r.query.QueryEnhancerFactory - Hibernate is in classpath; If applicable, HQL parser will be used.
2025-07-25 19:36:13 WARN  [main] o.s.b.a.o.j.JpaBaseConfiguration$JpaWebConfiguration - spring.jpa.open-in-view is enabled by default. Therefore, database queries may be performed during view rendering. Explicitly configure spring.jpa.open-in-view to disable this warning
2025-07-25 19:36:13 INFO  [main] o.a.coyote.http11.Http11NioProtocol - Starting ProtocolHandler ["http-nio-8081"]
2025-07-25 19:36:13 INFO  [main] o.s.b.w.e.tomcat.TomcatWebServer - Tomcat started on port 8081 (http) with context path '/'
2025-07-25 19:36:13 INFO  [main] c.s.irctc.IrctcBackendApplication - Started IrctcBackendApplication in 3.938 seconds (process running for 4.14)
2025-07-25 19:36:13 INFO  [main] c.s.irctc.IrctcBackendApplication - Initializing roles...
2025-07-25 19:36:13 WARN  [main] c.s.irctc.IrctcBackendApplication - Initializing roles...
2025-07-25 19:36:13 ERROR [main] c.s.irctc.IrctcBackendApplication - Initializing roles...
2025-07-25 19:36:27 INFO  [http-nio-8081-exec-1] o.a.c.c.C.[Tomcat].[localhost].[/] - Initializing Spring DispatcherServlet 'dispatcherServlet'
2025-07-25 19:36:27 INFO  [http-nio-8081-exec-1] o.s.web.servlet.DispatcherServlet - Initializing Servlet 'dispatcherServlet'
2025-07-25 19:36:27 INFO  [http-nio-8081-exec-1] o.s.web.servlet.DispatcherServlet - Completed initialization in 1 ms
2025-07-25 19:36:27 TRACE [http-nio-8081-exec-1] c.s.i.c.s.JwtAuthenticationFilter - Request to the JWT Filter : null
2025-07-25 19:36:27 TRACE [http-nio-8081-exec-2] c.s.i.c.s.JwtAuthenticationFilter - Request to the JWT Filter : null
2025-07-25 19:36:27 TRACE [http-nio-8081-exec-3] c.s.i.c.s.JwtAuthenticationFilter - Request to the JWT Filter : null
2025-07-25 19:36:27 TRACE [http-nio-8081-exec-5] c.s.i.c.s.JwtAuthenticationFilter - Request to the JWT Filter : null
2025-07-25 19:36:27 TRACE [http-nio-8081-exec-4] c.s.i.c.s.JwtAuthenticationFilter - Request to the JWT Filter : null
2025-07-25 19:36:27 TRACE [http-nio-8081-exec-6] c.s.i.c.s.JwtAuthenticationFilter - Request to the JWT Filter : null
2025-07-25 19:36:27 TRACE [http-nio-8081-exec-7] c.s.i.c.s.JwtAuthenticationFilter - Request to the JWT Filter : null
2025-07-25 19:36:27 TRACE [http-nio-8081-exec-8] c.s.i.c.s.JwtAuthenticationFilter - Request to the JWT Filter : null
2025-07-25 19:36:27 INFO  [http-nio-8081-exec-8] o.s.api.AbstractOpenApiResource - Init duration for springdoc-openapi is: 274 ms
2025-07-25 20:22:09 INFO  [SpringApplicationShutdownHook] o.s.b.w.e.tomcat.GracefulShutdown - Commencing graceful shutdown. Waiting for active requests to complete
2025-07-25 20:22:09 INFO  [tomcat-shutdown] o.s.b.w.e.tomcat.GracefulShutdown - Graceful shutdown complete
2025-07-25 20:22:09 INFO  [SpringApplicationShutdownHook] o.s.o.j.LocalContainerEntityManagerFactoryBean - Closing JPA EntityManagerFactory for persistence unit 'default'
2025-07-25 20:22:09 INFO  [SpringApplicationShutdownHook] com.zaxxer.hikari.HikariDataSource - HikariPool-1 - Shutdown initiated...
2025-07-25 20:22:09 INFO  [SpringApplicationShutdownHook] com.zaxxer.hikari.HikariDataSource - HikariPool-1 - Shutdown completed.
2025-07-25 20:22:11 INFO  [background-preinit] o.h.validator.internal.util.Version - HV000001: Hibernate Validator 8.0.2.Final
2025-07-25 20:22:11 INFO  [main] c.s.irctc.IrctcBackendApplication - Starting IrctcBackendApplication using Java 21.0.1 with PID 23865 (/Users/durgesh_mac/Documents/Workspace/Live batch/backendX-2405/mvc/irctc-backend/target/classes started by durgesh_mac in /Users/durgesh_mac/Documents/Workspace/Live batch/backendX-2405/mvc/irctc-backend)
2025-07-25 20:22:11 INFO  [main] c.s.irctc.IrctcBackendApplication - No active profile set, falling back to 1 default profile: "default"
2025-07-25 20:22:12 INFO  [main] o.s.d.r.c.RepositoryConfigurationDelegate - Bootstrapping Spring Data JPA repositories in DEFAULT mode.
2025-07-25 20:22:12 INFO  [main] o.s.d.r.c.RepositoryConfigurationDelegate - Finished Spring Data repository scanning in 32 ms. Found 9 JPA repository interfaces.
2025-07-25 20:22:12 INFO  [main] o.s.b.w.e.tomcat.TomcatWebServer - Tomcat initialized with port 8081 (http)
2025-07-25 20:22:12 INFO  [main] o.a.coyote.http11.Http11NioProtocol - Initializing ProtocolHandler ["http-nio-8081"]
2025-07-25 20:22:12 INFO  [main] o.a.catalina.core.StandardService - Starting service [Tomcat]
2025-07-25 20:22:12 INFO  [main] o.a.catalina.core.StandardEngine - Starting Servlet engine: [Apache Tomcat/10.1.41]
2025-07-25 20:22:12 INFO  [main] o.a.c.c.C.[Tomcat].[localhost].[/] - Initializing Spring embedded WebApplicationContext
2025-07-25 20:22:12 INFO  [main] o.s.b.w.s.c.ServletWebServerApplicationContext - Root WebApplicationContext: initialization completed in 748 ms
2025-07-25 20:22:12 INFO  [main] o.h.jpa.internal.util.LogHelper - HHH000204: Processing PersistenceUnitInfo [name: default]
2025-07-25 20:22:12 INFO  [main] org.hibernate.Version - HHH000412: Hibernate ORM core version 6.6.15.Final
2025-07-25 20:22:12 INFO  [main] o.h.c.i.RegionFactoryInitiator - HHH000026: Second-level cache disabled
2025-07-25 20:22:12 INFO  [main] o.s.o.j.p.SpringPersistenceUnitInfo - No LoadTimeWeaver setup: ignoring JPA class transformer
2025-07-25 20:22:12 INFO  [main] com.zaxxer.hikari.HikariDataSource - HikariPool-1 - Starting...
2025-07-25 20:22:12 INFO  [main] com.zaxxer.hikari.pool.HikariPool - HikariPool-1 - Added connection com.mysql.cj.jdbc.ConnectionImpl@68f79b7c
2025-07-25 20:22:12 INFO  [main] com.zaxxer.hikari.HikariDataSource - HikariPool-1 - Start completed.
2025-07-25 20:22:12 WARN  [main] org.hibernate.orm.deprecation - HHH90000025: MySQL8Dialect does not need to be specified explicitly using 'hibernate.dialect' (remove the property setting and it will be selected by default)
2025-07-25 20:22:12 WARN  [main] org.hibernate.orm.deprecation - HHH90000026: MySQL8Dialect has been deprecated; use org.hibernate.dialect.MySQLDialect instead
2025-07-25 20:22:12 INFO  [main] o.hibernate.orm.connections.pooling - HHH10001005: Database info:
	Database JDBC URL [Connecting through datasource 'HikariDataSource (HikariPool-1)']
	Database driver: undefined/unknown
	Database version: 8.0
	Autocommit mode: undefined/unknown
	Isolation level: undefined/unknown
	Minimum pool size: undefined/unknown
	Maximum pool size: undefined/unknown
2025-07-25 20:22:13 INFO  [main] o.h.e.t.j.p.i.JtaPlatformInitiator - HHH000489: No JTA platform available (set 'hibernate.transaction.jta.platform' to enable JTA platform integration)
2025-07-25 20:22:13 INFO  [main] o.s.o.j.LocalContainerEntityManagerFactoryBean - Initialized JPA EntityManagerFactory for persistence unit 'default'
2025-07-25 20:22:13 DEBUG [main] c.s.i.c.s.JwtAuthenticationFilter - Filter 'jwtAuthenticationFilter' configured for use
2025-07-25 20:22:13 INFO  [main] o.s.s.c.a.a.c.InitializeUserDetailsBeanManagerConfigurer$InitializeUserDetailsManagerConfigurer - Global AuthenticationManager configured with UserDetailsService bean with name customUserDetailService
2025-07-25 20:22:13 INFO  [main] o.s.d.j.r.query.QueryEnhancerFactory - Hibernate is in classpath; If applicable, HQL parser will be used.
2025-07-25 20:22:14 WARN  [main] o.s.b.a.o.j.JpaBaseConfiguration$JpaWebConfiguration - spring.jpa.open-in-view is enabled by default. Therefore, database queries may be performed during view rendering. Explicitly configure spring.jpa.open-in-view to disable this warning
2025-07-25 20:22:14 INFO  [main] o.a.coyote.http11.Http11NioProtocol - Starting ProtocolHandler ["http-nio-8081"]
2025-07-25 20:22:14 INFO  [main] o.s.b.w.e.tomcat.TomcatWebServer - Tomcat started on port 8081 (http) with context path '/'
2025-07-25 20:22:14 INFO  [main] c.s.irctc.IrctcBackendApplication - Started IrctcBackendApplication in 3.357 seconds (process running for 3.556)
2025-07-25 20:22:14 INFO  [main] c.s.irctc.IrctcBackendApplication - Initializing roles...
2025-07-25 20:22:14 WARN  [main] c.s.irctc.IrctcBackendApplication - Initializing roles...
2025-07-25 20:22:14 ERROR [main] c.s.irctc.IrctcBackendApplication - Initializing roles...
2025-07-25 20:23:18 INFO  [http-nio-8081-exec-2] o.a.c.c.C.[Tomcat].[localhost].[/] - Initializing Spring DispatcherServlet 'dispatcherServlet'
2025-07-25 20:23:18 INFO  [http-nio-8081-exec-2] o.s.web.servlet.DispatcherServlet - Initializing Servlet 'dispatcherServlet'
2025-07-25 20:23:18 INFO  [http-nio-8081-exec-2] o.s.web.servlet.DispatcherServlet - Completed initialization in 2 ms
2025-07-25 20:23:18 TRACE [http-nio-8081-exec-2] c.s.i.c.s.JwtAuthenticationFilter - Request to the JWT Filter : null
2025-07-25 20:23:18 INFO  [http-nio-8081-exec-2] c.s.irctc.aspects.LoggingAspect - Before method Execution userTrainSearch 
2025-07-25 20:23:18 INFO  [http-nio-8081-exec-2] c.s.irctc.aspects.LoggingAspect - Time taken 47 ms
2025-07-25 20:23:18 INFO  [http-nio-8081-exec-2] c.s.irctc.aspects.LoggingAspect - After  method Execution userTrainSearch 
2025-07-25 20:24:10 INFO  [SpringApplicationShutdownHook] o.s.b.w.e.tomcat.GracefulShutdown - Commencing graceful shutdown. Waiting for active requests to complete
2025-07-25 20:24:10 INFO  [tomcat-shutdown] o.s.b.w.e.tomcat.GracefulShutdown - Graceful shutdown complete
2025-07-25 20:24:10 INFO  [SpringApplicationShutdownHook] o.s.o.j.LocalContainerEntityManagerFactoryBean - Closing JPA EntityManagerFactory for persistence unit 'default'
2025-07-25 20:24:10 INFO  [SpringApplicationShutdownHook] com.zaxxer.hikari.HikariDataSource - HikariPool-1 - Shutdown initiated...
2025-07-25 20:24:10 INFO  [SpringApplicationShutdownHook] com.zaxxer.hikari.HikariDataSource - HikariPool-1 - Shutdown completed.
2025-07-25 20:24:12 INFO  [background-preinit] o.h.validator.internal.util.Version - HV000001: Hibernate Validator 8.0.2.Final
2025-07-25 20:24:12 INFO  [main] c.s.irctc.IrctcBackendApplication - Starting IrctcBackendApplication using Java 21.0.1 with PID 23882 (/Users/durgesh_mac/Documents/Workspace/Live batch/backendX-2405/mvc/irctc-backend/target/classes started by durgesh_mac in /Users/durgesh_mac/Documents/Workspace/Live batch/backendX-2405/mvc/irctc-backend)
2025-07-25 20:24:12 INFO  [main] c.s.irctc.IrctcBackendApplication - No active profile set, falling back to 1 default profile: "default"
2025-07-25 20:24:12 INFO  [main] o.s.d.r.c.RepositoryConfigurationDelegate - Bootstrapping Spring Data JPA repositories in DEFAULT mode.
2025-07-25 20:24:12 INFO  [main] o.s.d.r.c.RepositoryConfigurationDelegate - Finished Spring Data repository scanning in 32 ms. Found 9 JPA repository interfaces.
2025-07-25 20:24:13 INFO  [main] o.s.b.w.e.tomcat.TomcatWebServer - Tomcat initialized with port 8081 (http)
2025-07-25 20:24:13 INFO  [main] o.a.coyote.http11.Http11NioProtocol - Initializing ProtocolHandler ["http-nio-8081"]
2025-07-25 20:24:13 INFO  [main] o.a.catalina.core.StandardService - Starting service [Tomcat]
2025-07-25 20:24:13 INFO  [main] o.a.catalina.core.StandardEngine - Starting Servlet engine: [Apache Tomcat/10.1.41]
2025-07-25 20:24:13 INFO  [main] o.a.c.c.C.[Tomcat].[localhost].[/] - Initializing Spring embedded WebApplicationContext
2025-07-25 20:24:13 INFO  [main] o.s.b.w.s.c.ServletWebServerApplicationContext - Root WebApplicationContext: initialization completed in 863 ms
2025-07-25 20:24:13 INFO  [main] o.h.jpa.internal.util.LogHelper - HHH000204: Processing PersistenceUnitInfo [name: default]
2025-07-25 20:24:13 INFO  [main] org.hibernate.Version - HHH000412: Hibernate ORM core version 6.6.15.Final
2025-07-25 20:24:13 INFO  [main] o.h.c.i.RegionFactoryInitiator - HHH000026: Second-level cache disabled
2025-07-25 20:24:13 INFO  [main] o.s.o.j.p.SpringPersistenceUnitInfo - No LoadTimeWeaver setup: ignoring JPA class transformer
2025-07-25 20:24:13 INFO  [main] com.zaxxer.hikari.HikariDataSource - HikariPool-1 - Starting...
2025-07-25 20:24:13 INFO  [main] com.zaxxer.hikari.pool.HikariPool - HikariPool-1 - Added connection com.mysql.cj.jdbc.ConnectionImpl@4aba7617
2025-07-25 20:24:13 INFO  [main] com.zaxxer.hikari.HikariDataSource - HikariPool-1 - Start completed.
2025-07-25 20:24:13 WARN  [main] org.hibernate.orm.deprecation - HHH90000025: MySQL8Dialect does not need to be specified explicitly using 'hibernate.dialect' (remove the property setting and it will be selected by default)
2025-07-25 20:24:13 WARN  [main] org.hibernate.orm.deprecation - HHH90000026: MySQL8Dialect has been deprecated; use org.hibernate.dialect.MySQLDialect instead
2025-07-25 20:24:13 INFO  [main] o.hibernate.orm.connections.pooling - HHH10001005: Database info:
	Database JDBC URL [Connecting through datasource 'HikariDataSource (HikariPool-1)']
	Database driver: undefined/unknown
	Database version: 8.0
	Autocommit mode: undefined/unknown
	Isolation level: undefined/unknown
	Minimum pool size: undefined/unknown
	Maximum pool size: undefined/unknown
2025-07-25 20:24:14 INFO  [main] o.h.e.t.j.p.i.JtaPlatformInitiator - HHH000489: No JTA platform available (set 'hibernate.transaction.jta.platform' to enable JTA platform integration)
2025-07-25 20:24:14 INFO  [main] o.s.o.j.LocalContainerEntityManagerFactoryBean - Initialized JPA EntityManagerFactory for persistence unit 'default'
2025-07-25 20:24:14 DEBUG [main] c.s.i.c.s.JwtAuthenticationFilter - Filter 'jwtAuthenticationFilter' configured for use
2025-07-25 20:24:14 INFO  [main] o.s.s.c.a.a.c.InitializeUserDetailsBeanManagerConfigurer$InitializeUserDetailsManagerConfigurer - Global AuthenticationManager configured with UserDetailsService bean with name customUserDetailService
2025-07-25 20:24:14 INFO  [main] o.s.d.j.r.query.QueryEnhancerFactory - Hibernate is in classpath; If applicable, HQL parser will be used.
2025-07-25 20:24:15 WARN  [main] o.s.b.a.o.j.JpaBaseConfiguration$JpaWebConfiguration - spring.jpa.open-in-view is enabled by default. Therefore, database queries may be performed during view rendering. Explicitly configure spring.jpa.open-in-view to disable this warning
2025-07-25 20:24:15 INFO  [main] o.a.coyote.http11.Http11NioProtocol - Starting ProtocolHandler ["http-nio-8081"]
2025-07-25 20:24:15 INFO  [main] o.s.b.w.e.tomcat.TomcatWebServer - Tomcat started on port 8081 (http) with context path '/'
2025-07-25 20:24:15 INFO  [main] c.s.irctc.IrctcBackendApplication - Started IrctcBackendApplication in 3.623 seconds (process running for 3.824)
2025-07-25 20:24:15 INFO  [main] c.s.irctc.IrctcBackendApplication - Initializing roles...
2025-07-25 20:24:15 WARN  [main] c.s.irctc.IrctcBackendApplication - Initializing roles...
2025-07-25 20:24:15 ERROR [main] c.s.irctc.IrctcBackendApplication - Initializing roles...
2025-07-25 20:24:20 INFO  [http-nio-8081-exec-2] o.a.c.c.C.[Tomcat].[localhost].[/] - Initializing Spring DispatcherServlet 'dispatcherServlet'
2025-07-25 20:24:20 INFO  [http-nio-8081-exec-2] o.s.web.servlet.DispatcherServlet - Initializing Servlet 'dispatcherServlet'
2025-07-25 20:24:20 INFO  [http-nio-8081-exec-2] o.s.web.servlet.DispatcherServlet - Completed initialization in 1 ms
2025-07-25 20:24:20 TRACE [http-nio-8081-exec-2] c.s.i.c.s.JwtAuthenticationFilter - Request to the JWT Filter : null
2025-07-25 20:24:20 INFO  [http-nio-8081-exec-2] c.s.irctc.aspects.LoggingAspect - Before method Execution userTrainSearch 
2025-07-25 20:24:20 INFO  [http-nio-8081-exec-2] c.s.irctc.aspects.LoggingAspect - Time taken 30 ms
2025-07-25 20:24:20 INFO  [http-nio-8081-exec-2] c.s.irctc.aspects.LoggingAspect - After  method Execution userTrainSearch 
2025-07-25 20:25:20 TRACE [http-nio-8081-exec-3] c.s.i.c.s.JwtAuthenticationFilter - Request to the JWT Filter : null
2025-07-25 20:25:20 INFO  [http-nio-8081-exec-3] c.s.irctc.aspects.LoggingAspect - Before method Execution getAllTrains 
2025-07-25 20:25:20 INFO  [http-nio-8081-exec-3] c.s.irctc.aspects.LoggingAspect - Time taken 59 ms
2025-07-25 20:25:20 INFO  [http-nio-8081-exec-3] c.s.irctc.aspects.LoggingAspect - After  method Execution getAllTrains 
2025-07-25 20:25:27 TRACE [http-nio-8081-exec-5] c.s.i.c.s.JwtAuthenticationFilter - Request to the JWT Filter : null
2025-07-25 20:25:27 INFO  [http-nio-8081-exec-5] c.s.irctc.aspects.LoggingAspect - Before method Execution getAllTrains 
2025-07-25 20:25:27 INFO  [http-nio-8081-exec-5] c.s.irctc.aspects.LoggingAspect - Time taken 16 ms
2025-07-25 20:25:27 INFO  [http-nio-8081-exec-5] c.s.irctc.aspects.LoggingAspect - After  method Execution getAllTrains 
2025-07-25 20:25:28 TRACE [http-nio-8081-exec-6] c.s.i.c.s.JwtAuthenticationFilter - Request to the JWT Filter : null
2025-07-25 20:25:28 INFO  [http-nio-8081-exec-6] c.s.irctc.aspects.LoggingAspect - Before method Execution getRoutesByTrain 
2025-07-25 20:25:28 INFO  [http-nio-8081-exec-6] c.s.irctc.aspects.LoggingAspect - Time taken 27 ms
2025-07-25 20:25:28 INFO  [http-nio-8081-exec-6] c.s.irctc.aspects.LoggingAspect - After  method Execution getRoutesByTrain 
2025-07-25 20:25:36 TRACE [http-nio-8081-exec-7] c.s.i.c.s.JwtAuthenticationFilter - Request to the JWT Filter : null
2025-07-25 20:25:36 INFO  [http-nio-8081-exec-7] c.s.irctc.aspects.LoggingAspect - Before method Execution getAllTrains 
2025-07-25 20:25:36 INFO  [http-nio-8081-exec-7] c.s.irctc.aspects.LoggingAspect - Time taken 11 ms
2025-07-25 20:25:36 INFO  [http-nio-8081-exec-7] c.s.irctc.aspects.LoggingAspect - After  method Execution getAllTrains 
2025-07-25 20:25:38 TRACE [http-nio-8081-exec-8] c.s.i.c.s.JwtAuthenticationFilter - Request to the JWT Filter : null
2025-07-25 20:25:38 INFO  [http-nio-8081-exec-8] c.s.irctc.aspects.LoggingAspect - Before method Execution getAllTrains 
2025-07-25 20:25:38 INFO  [http-nio-8081-exec-8] c.s.irctc.aspects.LoggingAspect - Time taken 12 ms
2025-07-25 20:25:38 INFO  [http-nio-8081-exec-8] c.s.irctc.aspects.LoggingAspect - After  method Execution getAllTrains 
2025-07-25 20:25:40 TRACE [http-nio-8081-exec-9] c.s.i.c.s.JwtAuthenticationFilter - Request to the JWT Filter : null
2025-07-25 20:25:40 INFO  [http-nio-8081-exec-9] c.s.irctc.aspects.LoggingAspect - Before method Execution getRoutesByTrain 
2025-07-25 20:25:40 INFO  [http-nio-8081-exec-9] c.s.irctc.aspects.LoggingAspect - Time taken 20 ms
2025-07-25 20:25:40 INFO  [http-nio-8081-exec-9] c.s.irctc.aspects.LoggingAspect - After  method Execution getRoutesByTrain 
2025-07-25 20:26:04 TRACE [http-nio-8081-exec-10] c.s.i.c.s.JwtAuthenticationFilter - Request to the JWT Filter : null
2025-07-25 20:26:04 INFO  [http-nio-8081-exec-10] c.s.irctc.aspects.LoggingAspect - Before method Execution getAllTrains 
2025-07-25 20:26:04 INFO  [http-nio-8081-exec-10] c.s.irctc.aspects.LoggingAspect - Time taken 13 ms
2025-07-25 20:26:04 INFO  [http-nio-8081-exec-10] c.s.irctc.aspects.LoggingAspect - After  method Execution getAllTrains 
2025-07-25 20:26:06 TRACE [http-nio-8081-exec-1] c.s.i.c.s.JwtAuthenticationFilter - Request to the JWT Filter : null
2025-07-25 20:26:06 INFO  [http-nio-8081-exec-1] c.s.irctc.aspects.LoggingAspect - Before method Execution getTrainSchedulesByTrainId 
2025-07-25 20:26:06 INFO  [http-nio-8081-exec-1] c.s.irctc.aspects.LoggingAspect - Time taken 18 ms
2025-07-25 20:26:06 INFO  [http-nio-8081-exec-1] c.s.irctc.aspects.LoggingAspect - After  method Execution getTrainSchedulesByTrainId 
2025-07-25 20:26:27 TRACE [http-nio-8081-exec-2] c.s.i.c.s.JwtAuthenticationFilter - Request to the JWT Filter : null
2025-07-25 20:26:27 INFO  [http-nio-8081-exec-2] c.s.irctc.aspects.LoggingAspect - Before method Execution userTrainSearch 
2025-07-25 20:26:27 INFO  [http-nio-8081-exec-2] c.s.irctc.aspects.LoggingAspect - Time taken 7 ms
2025-07-25 20:26:27 INFO  [http-nio-8081-exec-2] c.s.irctc.aspects.LoggingAspect - After  method Execution userTrainSearch 
2025-07-25 20:26:41 TRACE [http-nio-8081-exec-4] c.s.i.c.s.JwtAuthenticationFilter - Request to the JWT Filter : null
2025-07-25 20:26:41 INFO  [http-nio-8081-exec-4] c.s.irctc.aspects.LoggingAspect - Before method Execution userTrainSearch 
2025-07-25 20:26:41 INFO  [http-nio-8081-exec-4] c.s.irctc.aspects.LoggingAspect - Time taken 9 ms
2025-07-25 20:26:41 INFO  [http-nio-8081-exec-4] c.s.irctc.aspects.LoggingAspect - After  method Execution userTrainSearch 
2025-07-25 20:27:00 TRACE [http-nio-8081-exec-5] c.s.i.c.s.JwtAuthenticationFilter - Request to the JWT Filter : null
2025-07-25 20:27:00 INFO  [http-nio-8081-exec-5] c.s.irctc.aspects.LoggingAspect - Before method Execution getAllTrains 
2025-07-25 20:27:00 INFO  [http-nio-8081-exec-5] c.s.irctc.aspects.LoggingAspect - Time taken 11 ms
2025-07-25 20:27:00 INFO  [http-nio-8081-exec-5] c.s.irctc.aspects.LoggingAspect - After  method Execution getAllTrains 
2025-07-25 20:27:10 TRACE [http-nio-8081-exec-6] c.s.i.c.s.JwtAuthenticationFilter - Request to the JWT Filter : null
2025-07-25 20:27:10 INFO  [http-nio-8081-exec-6] c.s.irctc.aspects.LoggingAspect - Before method Execution getAllTrains 
2025-07-25 20:27:10 INFO  [http-nio-8081-exec-6] c.s.irctc.aspects.LoggingAspect - Time taken 13 ms
2025-07-25 20:27:10 INFO  [http-nio-8081-exec-6] c.s.irctc.aspects.LoggingAspect - After  method Execution getAllTrains 
2025-07-25 20:27:11 TRACE [http-nio-8081-exec-7] c.s.i.c.s.JwtAuthenticationFilter - Request to the JWT Filter : null
2025-07-25 20:27:11 INFO  [http-nio-8081-exec-7] c.s.irctc.aspects.LoggingAspect - Before method Execution getRoutesByTrain 
2025-07-25 20:27:11 INFO  [http-nio-8081-exec-7] c.s.irctc.aspects.LoggingAspect - Time taken 16 ms
2025-07-25 20:27:11 INFO  [http-nio-8081-exec-7] c.s.irctc.aspects.LoggingAspect - After  method Execution getRoutesByTrain 
2025-07-25 20:27:24 INFO  [SpringApplicationShutdownHook] o.s.b.w.e.tomcat.GracefulShutdown - Commencing graceful shutdown. Waiting for active requests to complete
2025-07-25 20:27:24 INFO  [tomcat-shutdown] o.s.b.w.e.tomcat.GracefulShutdown - Graceful shutdown complete
2025-07-25 20:27:24 INFO  [SpringApplicationShutdownHook] o.s.o.j.LocalContainerEntityManagerFactoryBean - Closing JPA EntityManagerFactory for persistence unit 'default'
2025-07-25 20:27:24 INFO  [SpringApplicationShutdownHook] com.zaxxer.hikari.HikariDataSource - HikariPool-1 - Shutdown initiated...
2025-07-25 20:27:24 INFO  [SpringApplicationShutdownHook] com.zaxxer.hikari.HikariDataSource - HikariPool-1 - Shutdown completed.
2025-07-25 20:27:35 INFO  [background-preinit] o.h.validator.internal.util.Version - HV000001: Hibernate Validator 8.0.2.Final
2025-07-25 20:27:35 INFO  [main] c.s.irctc.IrctcBackendApplication - Starting IrctcBackendApplication using Java 21.0.1 with PID 25599 (/Users/durgesh_mac/Documents/Workspace/Live batch/backendX-2405/mvc/irctc-backend/target/classes started by durgesh_mac in /Users/durgesh_mac/Documents/Workspace/Live batch/backendX-2405/mvc/irctc-backend)
2025-07-25 20:27:35 INFO  [main] c.s.irctc.IrctcBackendApplication - No active profile set, falling back to 1 default profile: "default"
2025-07-25 20:27:36 INFO  [main] o.s.d.r.c.RepositoryConfigurationDelegate - Bootstrapping Spring Data JPA repositories in DEFAULT mode.
2025-07-25 20:27:36 INFO  [main] o.s.d.r.c.RepositoryConfigurationDelegate - Finished Spring Data repository scanning in 39 ms. Found 9 JPA repository interfaces.
2025-07-25 20:27:36 INFO  [main] o.s.b.w.e.tomcat.TomcatWebServer - Tomcat initialized with port 8081 (http)
2025-07-25 20:27:36 INFO  [main] o.a.coyote.http11.Http11NioProtocol - Initializing ProtocolHandler ["http-nio-8081"]
2025-07-25 20:27:36 INFO  [main] o.a.catalina.core.StandardService - Starting service [Tomcat]
2025-07-25 20:27:36 INFO  [main] o.a.catalina.core.StandardEngine - Starting Servlet engine: [Apache Tomcat/10.1.41]
2025-07-25 20:27:36 INFO  [main] o.a.c.c.C.[Tomcat].[localhost].[/] - Initializing Spring embedded WebApplicationContext
2025-07-25 20:27:36 INFO  [main] o.s.b.w.s.c.ServletWebServerApplicationContext - Root WebApplicationContext: initialization completed in 1033 ms
2025-07-25 20:27:36 INFO  [main] o.h.jpa.internal.util.LogHelper - HHH000204: Processing PersistenceUnitInfo [name: default]
2025-07-25 20:27:36 INFO  [main] org.hibernate.Version - HHH000412: Hibernate ORM core version 6.6.15.Final
2025-07-25 20:27:36 INFO  [main] o.h.c.i.RegionFactoryInitiator - HHH000026: Second-level cache disabled
2025-07-25 20:27:36 INFO  [main] o.s.o.j.p.SpringPersistenceUnitInfo - No LoadTimeWeaver setup: ignoring JPA class transformer
2025-07-25 20:27:36 INFO  [main] com.zaxxer.hikari.HikariDataSource - HikariPool-1 - Starting...
2025-07-25 20:27:37 INFO  [main] com.zaxxer.hikari.pool.HikariPool - HikariPool-1 - Added connection com.mysql.cj.jdbc.ConnectionImpl@11a67420
2025-07-25 20:27:37 INFO  [main] com.zaxxer.hikari.HikariDataSource - HikariPool-1 - Start completed.
2025-07-25 20:27:37 WARN  [main] org.hibernate.orm.deprecation - HHH90000025: MySQL8Dialect does not need to be specified explicitly using 'hibernate.dialect' (remove the property setting and it will be selected by default)
2025-07-25 20:27:37 WARN  [main] org.hibernate.orm.deprecation - HHH90000026: MySQL8Dialect has been deprecated; use org.hibernate.dialect.MySQLDialect instead
2025-07-25 20:27:37 INFO  [main] o.hibernate.orm.connections.pooling - HHH10001005: Database info:
	Database JDBC URL [Connecting through datasource 'HikariDataSource (HikariPool-1)']
	Database driver: undefined/unknown
	Database version: 8.0
	Autocommit mode: undefined/unknown
	Isolation level: undefined/unknown
	Minimum pool size: undefined/unknown
	Maximum pool size: undefined/unknown
2025-07-25 20:27:37 INFO  [main] o.h.e.t.j.p.i.JtaPlatformInitiator - HHH000489: No JTA platform available (set 'hibernate.transaction.jta.platform' to enable JTA platform integration)
2025-07-25 20:27:37 INFO  [main] o.s.o.j.LocalContainerEntityManagerFactoryBean - Initialized JPA EntityManagerFactory for persistence unit 'default'
2025-07-25 20:27:38 DEBUG [main] c.s.i.c.s.JwtAuthenticationFilter - Filter 'jwtAuthenticationFilter' configured for use
2025-07-25 20:27:38 INFO  [main] o.s.s.c.a.a.c.InitializeUserDetailsBeanManagerConfigurer$InitializeUserDetailsManagerConfigurer - Global AuthenticationManager configured with UserDetailsService bean with name customUserDetailService
2025-07-25 20:27:38 INFO  [main] o.s.d.j.r.query.QueryEnhancerFactory - Hibernate is in classpath; If applicable, HQL parser will be used.
2025-07-25 20:27:38 WARN  [main] o.s.b.a.o.j.JpaBaseConfiguration$JpaWebConfiguration - spring.jpa.open-in-view is enabled by default. Therefore, database queries may be performed during view rendering. Explicitly configure spring.jpa.open-in-view to disable this warning
2025-07-25 20:27:39 INFO  [main] o.a.coyote.http11.Http11NioProtocol - Starting ProtocolHandler ["http-nio-8081"]
2025-07-25 20:27:39 INFO  [main] o.s.b.w.e.tomcat.TomcatWebServer - Tomcat started on port 8081 (http) with context path '/'
2025-07-25 20:27:39 INFO  [main] c.s.irctc.IrctcBackendApplication - Started IrctcBackendApplication in 3.971 seconds (process running for 4.587)
2025-07-25 20:27:39 INFO  [main] c.s.irctc.IrctcBackendApplication - Initializing roles...
2025-07-25 20:27:39 WARN  [main] c.s.irctc.IrctcBackendApplication - Initializing roles...
2025-07-25 20:27:39 ERROR [main] c.s.irctc.IrctcBackendApplication - Initializing roles...
2025-07-25 20:27:50 INFO  [http-nio-8081-exec-2] o.a.c.c.C.[Tomcat].[localhost].[/] - Initializing Spring DispatcherServlet 'dispatcherServlet'
2025-07-25 20:27:50 INFO  [http-nio-8081-exec-2] o.s.web.servlet.DispatcherServlet - Initializing Servlet 'dispatcherServlet'
2025-07-25 20:27:50 INFO  [http-nio-8081-exec-2] o.s.web.servlet.DispatcherServlet - Completed initialization in 1 ms
2025-07-25 20:27:50 TRACE [http-nio-8081-exec-2] c.s.i.c.s.JwtAuthenticationFilter - Request to the JWT Filter : null
2025-07-25 20:27:50 INFO  [http-nio-8081-exec-2] c.s.irctc.aspects.LoggingAspect - Before method Execution userTrainSearch 
2025-07-25 20:28:25 WARN  [HikariPool-1:housekeeper] com.zaxxer.hikari.pool.HikariPool - HikariPool-1 - Thread starvation or clock leap detected (housekeeper delta=47s795ms).
2025-07-25 20:31:47 WARN  [HikariPool-1:housekeeper] com.zaxxer.hikari.pool.HikariPool - HikariPool-1 - Thread starvation or clock leap detected (housekeeper delta=3m22s906ms).
2025-07-25 20:31:48 INFO  [http-nio-8081-exec-2] c.s.irctc.aspects.LoggingAspect - Time taken 237274 ms
2025-07-25 20:31:48 INFO  [http-nio-8081-exec-2] c.s.irctc.aspects.LoggingAspect - After  method Execution userTrainSearch 
2025-07-25 20:31:48 TRACE [http-nio-8081-exec-3] c.s.i.c.s.JwtAuthenticationFilter - Request to the JWT Filter : null
2025-07-25 20:31:48 INFO  [http-nio-8081-exec-3] c.s.irctc.aspects.LoggingAspect - Before method Execution listStations 
2025-07-25 20:31:48 INFO  [SpringApplicationShutdownHook] o.s.b.w.e.tomcat.GracefulShutdown - Commencing graceful shutdown. Waiting for active requests to complete
2025-07-25 20:31:48 INFO  [http-nio-8081-exec-3] c.s.irctc.aspects.LoggingAspect - Time taken 37 ms
2025-07-25 20:31:48 INFO  [http-nio-8081-exec-3] c.s.irctc.aspects.LoggingAspect - After  method Execution listStations 
2025-07-25 20:31:48 INFO  [tomcat-shutdown] o.s.b.w.e.tomcat.GracefulShutdown - Graceful shutdown complete
2025-07-25 20:31:48 INFO  [SpringApplicationShutdownHook] o.s.o.j.LocalContainerEntityManagerFactoryBean - Closing JPA EntityManagerFactory for persistence unit 'default'
2025-07-25 20:31:48 INFO  [SpringApplicationShutdownHook] com.zaxxer.hikari.HikariDataSource - HikariPool-1 - Shutdown initiated...
2025-07-25 20:31:48 INFO  [SpringApplicationShutdownHook] com.zaxxer.hikari.HikariDataSource - HikariPool-1 - Shutdown completed.
2025-07-25 20:31:49 INFO  [background-preinit] o.h.validator.internal.util.Version - HV000001: Hibernate Validator 8.0.2.Final
2025-07-25 20:31:50 INFO  [main] c.s.irctc.IrctcBackendApplication - Starting IrctcBackendApplication using Java 21.0.1 with PID 26226 (/Users/durgesh_mac/Documents/Workspace/Live batch/backendX-2405/mvc/irctc-backend/target/classes started by durgesh_mac in /Users/durgesh_mac/Documents/Workspace/Live batch/backendX-2405/mvc/irctc-backend)
2025-07-25 20:31:50 INFO  [main] c.s.irctc.IrctcBackendApplication - No active profile set, falling back to 1 default profile: "default"
2025-07-25 20:31:50 INFO  [main] o.s.d.r.c.RepositoryConfigurationDelegate - Bootstrapping Spring Data JPA repositories in DEFAULT mode.
2025-07-25 20:31:50 INFO  [main] o.s.d.r.c.RepositoryConfigurationDelegate - Finished Spring Data repository scanning in 34 ms. Found 9 JPA repository interfaces.
2025-07-25 20:31:50 INFO  [main] o.s.b.w.e.tomcat.TomcatWebServer - Tomcat initialized with port 8081 (http)
2025-07-25 20:31:50 INFO  [main] o.a.coyote.http11.Http11NioProtocol - Initializing ProtocolHandler ["http-nio-8081"]
2025-07-25 20:31:50 INFO  [main] o.a.catalina.core.StandardService - Starting service [Tomcat]
2025-07-25 20:31:50 INFO  [main] o.a.catalina.core.StandardEngine - Starting Servlet engine: [Apache Tomcat/10.1.41]
2025-07-25 20:31:50 INFO  [main] o.a.c.c.C.[Tomcat].[localhost].[/] - Initializing Spring embedded WebApplicationContext
2025-07-25 20:31:50 INFO  [main] o.s.b.w.s.c.ServletWebServerApplicationContext - Root WebApplicationContext: initialization completed in 817 ms
2025-07-25 20:31:50 INFO  [main] o.h.jpa.internal.util.LogHelper - HHH000204: Processing PersistenceUnitInfo [name: default]
2025-07-25 20:31:50 INFO  [main] org.hibernate.Version - HHH000412: Hibernate ORM core version 6.6.15.Final
2025-07-25 20:31:50 INFO  [main] o.h.c.i.RegionFactoryInitiator - HHH000026: Second-level cache disabled
2025-07-25 20:31:51 INFO  [main] o.s.o.j.p.SpringPersistenceUnitInfo - No LoadTimeWeaver setup: ignoring JPA class transformer
2025-07-25 20:31:51 INFO  [main] com.zaxxer.hikari.HikariDataSource - HikariPool-1 - Starting...
2025-07-25 20:31:51 INFO  [main] com.zaxxer.hikari.pool.HikariPool - HikariPool-1 - Added connection com.mysql.cj.jdbc.ConnectionImpl@415262a0
2025-07-25 20:31:51 INFO  [main] com.zaxxer.hikari.HikariDataSource - HikariPool-1 - Start completed.
2025-07-25 20:31:51 WARN  [main] org.hibernate.orm.deprecation - HHH90000025: MySQL8Dialect does not need to be specified explicitly using 'hibernate.dialect' (remove the property setting and it will be selected by default)
2025-07-25 20:31:51 WARN  [main] org.hibernate.orm.deprecation - HHH90000026: MySQL8Dialect has been deprecated; use org.hibernate.dialect.MySQLDialect instead
2025-07-25 20:31:51 INFO  [main] o.hibernate.orm.connections.pooling - HHH10001005: Database info:
	Database JDBC URL [Connecting through datasource 'HikariDataSource (HikariPool-1)']
	Database driver: undefined/unknown
	Database version: 8.0
	Autocommit mode: undefined/unknown
	Isolation level: undefined/unknown
	Minimum pool size: undefined/unknown
	Maximum pool size: undefined/unknown
2025-07-25 20:31:51 INFO  [main] o.h.e.t.j.p.i.JtaPlatformInitiator - HHH000489: No JTA platform available (set 'hibernate.transaction.jta.platform' to enable JTA platform integration)
2025-07-25 20:31:52 INFO  [main] o.s.o.j.LocalContainerEntityManagerFactoryBean - Initialized JPA EntityManagerFactory for persistence unit 'default'
2025-07-25 20:31:52 DEBUG [main] c.s.i.c.s.JwtAuthenticationFilter - Filter 'jwtAuthenticationFilter' configured for use
2025-07-25 20:31:52 INFO  [main] o.s.s.c.a.a.c.InitializeUserDetailsBeanManagerConfigurer$InitializeUserDetailsManagerConfigurer - Global AuthenticationManager configured with UserDetailsService bean with name customUserDetailService
2025-07-25 20:31:52 INFO  [main] o.s.d.j.r.query.QueryEnhancerFactory - Hibernate is in classpath; If applicable, HQL parser will be used.
2025-07-25 20:31:52 WARN  [main] o.s.b.a.o.j.JpaBaseConfiguration$JpaWebConfiguration - spring.jpa.open-in-view is enabled by default. Therefore, database queries may be performed during view rendering. Explicitly configure spring.jpa.open-in-view to disable this warning
2025-07-25 20:31:53 INFO  [main] o.s.b.w.e.tomcat.TomcatWebServer - Tomcat started on port 8081 (http) with context path '/'
2025-07-25 20:31:53 INFO  [main] c.s.irctc.IrctcBackendApplication - Started IrctcBackendApplication in 3.443 seconds (process running for 3.683)
2025-07-25 20:31:53 INFO  [SpringApplicationShutdownHook] o.s.b.w.e.tomcat.GracefulShutdown - Commencing graceful shutdown. Waiting for active requests to complete
2025-07-25 20:31:53 INFO  [main] c.s.irctc.IrctcBackendApplication - Initializing roles...
2025-07-25 20:31:53 WARN  [main] c.s.irctc.IrctcBackendApplication - Initializing roles...
2025-07-25 20:31:53 ERROR [main] c.s.irctc.IrctcBackendApplication - Initializing roles...
2025-07-25 20:31:53 INFO  [tomcat-shutdown] o.s.b.w.e.tomcat.GracefulShutdown - Graceful shutdown complete
2025-07-25 20:31:53 INFO  [SpringApplicationShutdownHook] o.s.o.j.LocalContainerEntityManagerFactoryBean - Closing JPA EntityManagerFactory for persistence unit 'default'
2025-07-25 20:31:53 INFO  [SpringApplicationShutdownHook] com.zaxxer.hikari.HikariDataSource - HikariPool-1 - Shutdown initiated...
2025-07-25 20:31:53 INFO  [SpringApplicationShutdownHook] com.zaxxer.hikari.HikariDataSource - HikariPool-1 - Shutdown completed.
2025-07-25 20:31:56 INFO  [background-preinit] o.h.validator.internal.util.Version - HV000001: Hibernate Validator 8.0.2.Final
2025-07-25 20:31:56 INFO  [main] c.s.irctc.IrctcBackendApplication - Starting IrctcBackendApplication using Java 21.0.1 with PID 26248 (/Users/durgesh_mac/Documents/Workspace/Live batch/backendX-2405/mvc/irctc-backend/target/classes started by durgesh_mac in /Users/durgesh_mac/Documents/Workspace/Live batch/backendX-2405/mvc/irctc-backend)
2025-07-25 20:31:56 INFO  [main] c.s.irctc.IrctcBackendApplication - No active profile set, falling back to 1 default profile: "default"
2025-07-25 20:31:56 INFO  [main] o.s.d.r.c.RepositoryConfigurationDelegate - Bootstrapping Spring Data JPA repositories in DEFAULT mode.
2025-07-25 20:31:56 INFO  [main] o.s.d.r.c.RepositoryConfigurationDelegate - Finished Spring Data repository scanning in 31 ms. Found 9 JPA repository interfaces.
2025-07-25 20:31:56 INFO  [main] o.s.b.w.e.tomcat.TomcatWebServer - Tomcat initialized with port 8081 (http)
2025-07-25 20:31:56 INFO  [main] o.a.coyote.http11.Http11NioProtocol - Initializing ProtocolHandler ["http-nio-8081"]
2025-07-25 20:31:56 INFO  [main] o.a.catalina.core.StandardService - Starting service [Tomcat]
2025-07-25 20:31:56 INFO  [main] o.a.catalina.core.StandardEngine - Starting Servlet engine: [Apache Tomcat/10.1.41]
2025-07-25 20:31:56 INFO  [main] o.a.c.c.C.[Tomcat].[localhost].[/] - Initializing Spring embedded WebApplicationContext
2025-07-25 20:31:56 INFO  [main] o.s.b.w.s.c.ServletWebServerApplicationContext - Root WebApplicationContext: initialization completed in 862 ms
2025-07-25 20:31:57 INFO  [main] o.h.jpa.internal.util.LogHelper - HHH000204: Processing PersistenceUnitInfo [name: default]
2025-07-25 20:31:57 INFO  [main] org.hibernate.Version - HHH000412: Hibernate ORM core version 6.6.15.Final
2025-07-25 20:31:57 INFO  [main] o.h.c.i.RegionFactoryInitiator - HHH000026: Second-level cache disabled
2025-07-25 20:31:57 INFO  [main] o.s.o.j.p.SpringPersistenceUnitInfo - No LoadTimeWeaver setup: ignoring JPA class transformer
2025-07-25 20:31:57 INFO  [main] com.zaxxer.hikari.HikariDataSource - HikariPool-1 - Starting...
2025-07-25 20:31:57 INFO  [main] com.zaxxer.hikari.pool.HikariPool - HikariPool-1 - Added connection com.mysql.cj.jdbc.ConnectionImpl@7de2bdc7
2025-07-25 20:31:57 INFO  [main] com.zaxxer.hikari.HikariDataSource - HikariPool-1 - Start completed.
2025-07-25 20:31:57 WARN  [main] org.hibernate.orm.deprecation - HHH90000025: MySQL8Dialect does not need to be specified explicitly using 'hibernate.dialect' (remove the property setting and it will be selected by default)
2025-07-25 20:31:57 WARN  [main] org.hibernate.orm.deprecation - HHH90000026: MySQL8Dialect has been deprecated; use org.hibernate.dialect.MySQLDialect instead
2025-07-25 20:31:57 INFO  [main] o.hibernate.orm.connections.pooling - HHH10001005: Database info:
	Database JDBC URL [Connecting through datasource 'HikariDataSource (HikariPool-1)']
	Database driver: undefined/unknown
	Database version: 8.0
	Autocommit mode: undefined/unknown
	Isolation level: undefined/unknown
	Minimum pool size: undefined/unknown
	Maximum pool size: undefined/unknown
2025-07-25 20:31:57 INFO  [main] o.h.e.t.j.p.i.JtaPlatformInitiator - HHH000489: No JTA platform available (set 'hibernate.transaction.jta.platform' to enable JTA platform integration)
2025-07-25 20:31:58 INFO  [main] o.s.o.j.LocalContainerEntityManagerFactoryBean - Initialized JPA EntityManagerFactory for persistence unit 'default'
2025-07-25 20:31:58 DEBUG [main] c.s.i.c.s.JwtAuthenticationFilter - Filter 'jwtAuthenticationFilter' configured for use
2025-07-25 20:31:58 INFO  [main] o.s.s.c.a.a.c.InitializeUserDetailsBeanManagerConfigurer$InitializeUserDetailsManagerConfigurer - Global AuthenticationManager configured with UserDetailsService bean with name customUserDetailService
2025-07-25 20:31:58 INFO  [main] o.s.d.j.r.query.QueryEnhancerFactory - Hibernate is in classpath; If applicable, HQL parser will be used.
2025-07-25 20:31:58 WARN  [main] o.s.b.a.o.j.JpaBaseConfiguration$JpaWebConfiguration - spring.jpa.open-in-view is enabled by default. Therefore, database queries may be performed during view rendering. Explicitly configure spring.jpa.open-in-view to disable this warning
2025-07-25 20:31:59 INFO  [main] o.a.coyote.http11.Http11NioProtocol - Starting ProtocolHandler ["http-nio-8081"]
2025-07-25 20:31:59 INFO  [main] o.s.b.w.e.tomcat.TomcatWebServer - Tomcat started on port 8081 (http) with context path '/'
2025-07-25 20:31:59 INFO  [main] c.s.irctc.IrctcBackendApplication - Started IrctcBackendApplication in 3.578 seconds (process running for 3.874)
2025-07-25 20:31:59 INFO  [main] c.s.irctc.IrctcBackendApplication - Initializing roles...
2025-07-25 20:31:59 WARN  [main] c.s.irctc.IrctcBackendApplication - Initializing roles...
2025-07-25 20:31:59 ERROR [main] c.s.irctc.IrctcBackendApplication - Initializing roles...
2025-07-25 20:32:01 INFO  [http-nio-8081-exec-2] o.a.c.c.C.[Tomcat].[localhost].[/] - Initializing Spring DispatcherServlet 'dispatcherServlet'
2025-07-25 20:32:01 INFO  [http-nio-8081-exec-2] o.s.web.servlet.DispatcherServlet - Initializing Servlet 'dispatcherServlet'
2025-07-25 20:32:01 INFO  [http-nio-8081-exec-2] o.s.web.servlet.DispatcherServlet - Completed initialization in 1 ms
2025-07-25 20:32:01 TRACE [http-nio-8081-exec-2] c.s.i.c.s.JwtAuthenticationFilter - Request to the JWT Filter : null
2025-07-25 20:32:01 INFO  [http-nio-8081-exec-2] c.s.irctc.aspects.LoggingAspect - Before method Execution userTrainSearch 
2025-07-25 20:32:48 INFO  [http-nio-8081-exec-2] c.s.irctc.aspects.LoggingAspect - Time taken 46899 ms
2025-07-25 20:32:48 INFO  [http-nio-8081-exec-2] c.s.irctc.aspects.LoggingAspect - After  method Execution userTrainSearch 
2025-07-25 20:32:48 INFO  [SpringApplicationShutdownHook] o.s.b.w.e.tomcat.GracefulShutdown - Commencing graceful shutdown. Waiting for active requests to complete
2025-07-25 20:32:48 INFO  [tomcat-shutdown] o.s.b.w.e.tomcat.GracefulShutdown - Graceful shutdown complete
2025-07-25 20:32:48 INFO  [SpringApplicationShutdownHook] o.s.o.j.LocalContainerEntityManagerFactoryBean - Closing JPA EntityManagerFactory for persistence unit 'default'
2025-07-25 20:32:48 INFO  [SpringApplicationShutdownHook] com.zaxxer.hikari.HikariDataSource - HikariPool-1 - Shutdown initiated...
2025-07-25 20:32:48 INFO  [SpringApplicationShutdownHook] com.zaxxer.hikari.HikariDataSource - HikariPool-1 - Shutdown completed.
2025-07-25 20:33:02 INFO  [background-preinit] o.h.validator.internal.util.Version - HV000001: Hibernate Validator 8.0.2.Final
2025-07-25 20:33:02 INFO  [main] c.s.irctc.IrctcBackendApplication - Starting IrctcBackendApplication using Java 21.0.1 with PID 26411 (/Users/durgesh_mac/Documents/Workspace/Live batch/backendX-2405/mvc/irctc-backend/target/classes started by durgesh_mac in /Users/durgesh_mac/Documents/Workspace/Live batch/backendX-2405/mvc/irctc-backend)
2025-07-25 20:33:02 INFO  [main] c.s.irctc.IrctcBackendApplication - No active profile set, falling back to 1 default profile: "default"
2025-07-25 20:33:03 INFO  [main] o.s.d.r.c.RepositoryConfigurationDelegate - Bootstrapping Spring Data JPA repositories in DEFAULT mode.
2025-07-25 20:33:03 INFO  [main] o.s.d.r.c.RepositoryConfigurationDelegate - Finished Spring Data repository scanning in 31 ms. Found 9 JPA repository interfaces.
2025-07-25 20:33:03 INFO  [main] o.s.b.w.e.tomcat.TomcatWebServer - Tomcat initialized with port 8081 (http)
2025-07-25 20:33:03 INFO  [main] o.a.coyote.http11.Http11NioProtocol - Initializing ProtocolHandler ["http-nio-8081"]
2025-07-25 20:33:03 INFO  [main] o.a.catalina.core.StandardService - Starting service [Tomcat]
2025-07-25 20:33:03 INFO  [main] o.a.catalina.core.StandardEngine - Starting Servlet engine: [Apache Tomcat/10.1.41]
2025-07-25 20:33:03 INFO  [main] o.a.c.c.C.[Tomcat].[localhost].[/] - Initializing Spring embedded WebApplicationContext
2025-07-25 20:33:03 INFO  [main] o.s.b.w.s.c.ServletWebServerApplicationContext - Root WebApplicationContext: initialization completed in 933 ms
2025-07-25 20:33:03 INFO  [main] o.h.jpa.internal.util.LogHelper - HHH000204: Processing PersistenceUnitInfo [name: default]
2025-07-25 20:33:03 INFO  [main] org.hibernate.Version - HHH000412: Hibernate ORM core version 6.6.15.Final
2025-07-25 20:33:03 INFO  [main] o.h.c.i.RegionFactoryInitiator - HHH000026: Second-level cache disabled
2025-07-25 20:33:03 INFO  [main] o.s.o.j.p.SpringPersistenceUnitInfo - No LoadTimeWeaver setup: ignoring JPA class transformer
2025-07-25 20:33:03 INFO  [main] com.zaxxer.hikari.HikariDataSource - HikariPool-1 - Starting...
2025-07-25 20:33:04 INFO  [main] com.zaxxer.hikari.pool.HikariPool - HikariPool-1 - Added connection com.mysql.cj.jdbc.ConnectionImpl@813ab53
2025-07-25 20:33:04 INFO  [main] com.zaxxer.hikari.HikariDataSource - HikariPool-1 - Start completed.
2025-07-25 20:33:04 WARN  [main] org.hibernate.orm.deprecation - HHH90000025: MySQL8Dialect does not need to be specified explicitly using 'hibernate.dialect' (remove the property setting and it will be selected by default)
2025-07-25 20:33:04 WARN  [main] org.hibernate.orm.deprecation - HHH90000026: MySQL8Dialect has been deprecated; use org.hibernate.dialect.MySQLDialect instead
2025-07-25 20:33:04 INFO  [main] o.hibernate.orm.connections.pooling - HHH10001005: Database info:
	Database JDBC URL [Connecting through datasource 'HikariDataSource (HikariPool-1)']
	Database driver: undefined/unknown
	Database version: 8.0
	Autocommit mode: undefined/unknown
	Isolation level: undefined/unknown
	Minimum pool size: undefined/unknown
	Maximum pool size: undefined/unknown
2025-07-25 20:33:04 INFO  [main] o.h.e.t.j.p.i.JtaPlatformInitiator - HHH000489: No JTA platform available (set 'hibernate.transaction.jta.platform' to enable JTA platform integration)
2025-07-25 20:33:04 INFO  [main] o.s.o.j.LocalContainerEntityManagerFactoryBean - Initialized JPA EntityManagerFactory for persistence unit 'default'
2025-07-25 20:33:04 DEBUG [main] c.s.i.c.s.JwtAuthenticationFilter - Filter 'jwtAuthenticationFilter' configured for use
2025-07-25 20:33:04 INFO  [main] o.s.s.c.a.a.c.InitializeUserDetailsBeanManagerConfigurer$InitializeUserDetailsManagerConfigurer - Global AuthenticationManager configured with UserDetailsService bean with name customUserDetailService
2025-07-25 20:33:05 INFO  [main] o.s.d.j.r.query.QueryEnhancerFactory - Hibernate is in classpath; If applicable, HQL parser will be used.
2025-07-25 20:33:05 WARN  [main] o.s.b.a.o.j.JpaBaseConfiguration$JpaWebConfiguration - spring.jpa.open-in-view is enabled by default. Therefore, database queries may be performed during view rendering. Explicitly configure spring.jpa.open-in-view to disable this warning
2025-07-25 20:33:05 INFO  [main] o.a.coyote.http11.Http11NioProtocol - Starting ProtocolHandler ["http-nio-8081"]
2025-07-25 20:33:06 INFO  [main] o.s.b.w.e.tomcat.TomcatWebServer - Tomcat started on port 8081 (http) with context path '/'
2025-07-25 20:33:06 INFO  [main] c.s.irctc.IrctcBackendApplication - Started IrctcBackendApplication in 3.749 seconds (process running for 4.084)
2025-07-25 20:33:06 INFO  [main] c.s.irctc.IrctcBackendApplication - Initializing roles...
2025-07-25 20:33:06 WARN  [main] c.s.irctc.IrctcBackendApplication - Initializing roles...
2025-07-25 20:33:06 ERROR [main] c.s.irctc.IrctcBackendApplication - Initializing roles...
2025-07-25 20:33:11 INFO  [http-nio-8081-exec-1] o.a.c.c.C.[Tomcat].[localhost].[/] - Initializing Spring DispatcherServlet 'dispatcherServlet'
2025-07-25 20:33:11 INFO  [http-nio-8081-exec-1] o.s.web.servlet.DispatcherServlet - Initializing Servlet 'dispatcherServlet'
2025-07-25 20:33:11 INFO  [http-nio-8081-exec-1] o.s.web.servlet.DispatcherServlet - Completed initialization in 1 ms
2025-07-25 20:33:11 TRACE [http-nio-8081-exec-1] c.s.i.c.s.JwtAuthenticationFilter - Request to the JWT Filter : null
2025-07-25 20:33:11 INFO  [http-nio-8081-exec-1] c.s.irctc.aspects.LoggingAspect - Before method Execution userTrainSearch 
2025-07-25 20:35:15 WARN  [HikariPool-1:housekeeper] com.zaxxer.hikari.pool.HikariPool - HikariPool-1 - Thread starvation or clock leap detected (housekeeper delta=55s880ms).
2025-07-25 20:36:05 WARN  [HikariPool-1:housekeeper] com.zaxxer.hikari.pool.HikariPool - HikariPool-1 - Thread starvation or clock leap detected (housekeeper delta=49s592ms).
2025-07-25 20:36:17 INFO  [http-nio-8081-exec-1] c.s.irctc.aspects.LoggingAspect - Time taken 186250 ms
2025-07-25 20:36:17 INFO  [http-nio-8081-exec-1] c.s.irctc.aspects.LoggingAspect - After  method Execution userTrainSearch 
2025-07-25 20:38:34 TRACE [http-nio-8081-exec-4] c.s.i.c.s.JwtAuthenticationFilter - Request to the JWT Filter : null
2025-07-25 20:38:34 INFO  [http-nio-8081-exec-4] c.s.irctc.aspects.LoggingAspect - Before method Execution createSeatInfor 
2025-07-25 20:38:34 INFO  [http-nio-8081-exec-4] c.s.irctc.aspects.LoggingAspect - Time taken 176 ms
2025-07-25 20:38:34 INFO  [http-nio-8081-exec-4] c.s.irctc.aspects.LoggingAspect - After  method Execution createSeatInfor 
2025-07-25 20:38:41 TRACE [http-nio-8081-exec-6] c.s.i.c.s.JwtAuthenticationFilter - Request to the JWT Filter : null
2025-07-25 20:38:47 INFO  [http-nio-8081-exec-6] c.s.irctc.aspects.LoggingAspect - Before method Execution userTrainSearch 
2025-07-25 20:38:56 INFO  [http-nio-8081-exec-6] c.s.irctc.aspects.LoggingAspect - Time taken 8417 ms
2025-07-25 20:38:56 INFO  [http-nio-8081-exec-6] c.s.irctc.aspects.LoggingAspect - After  method Execution userTrainSearch 
2025-07-25 20:39:39 TRACE [http-nio-8081-exec-7] c.s.i.c.s.JwtAuthenticationFilter - Request to the JWT Filter : null
2025-07-25 20:40:14 TRACE [http-nio-8081-exec-8] c.s.i.c.s.JwtAuthenticationFilter - Request to the JWT Filter : null
2025-07-25 20:40:14 INFO  [http-nio-8081-exec-8] c.s.irctc.aspects.LoggingAspect - Before method Execution createSeatInfor 
2025-07-25 20:40:19 TRACE [http-nio-8081-exec-10] c.s.i.c.s.JwtAuthenticationFilter - Request to the JWT Filter : null
2025-07-25 20:40:19 INFO  [http-nio-8081-exec-10] c.s.irctc.aspects.LoggingAspect - Before method Execution createSeatInfor 
2025-07-25 20:40:19 INFO  [http-nio-8081-exec-10] c.s.irctc.aspects.LoggingAspect - Time taken 15 ms
2025-07-25 20:40:19 INFO  [http-nio-8081-exec-10] c.s.irctc.aspects.LoggingAspect - After  method Execution createSeatInfor 
2025-07-25 20:40:29 TRACE [http-nio-8081-exec-2] c.s.i.c.s.JwtAuthenticationFilter - Request to the JWT Filter : null
2025-07-25 20:40:32 INFO  [http-nio-8081-exec-2] c.s.irctc.aspects.LoggingAspect - Before method Execution userTrainSearch 
2025-07-25 20:40:33 INFO  [http-nio-8081-exec-2] c.s.irctc.aspects.LoggingAspect - Time taken 760 ms
2025-07-25 20:40:33 INFO  [http-nio-8081-exec-2] c.s.irctc.aspects.LoggingAspect - After  method Execution userTrainSearch 
2025-07-25 20:41:50 INFO  [SpringApplicationShutdownHook] o.s.b.w.e.tomcat.GracefulShutdown - Commencing graceful shutdown. Waiting for active requests to complete
2025-07-25 20:41:50 INFO  [tomcat-shutdown] o.s.b.w.e.tomcat.GracefulShutdown - Graceful shutdown complete
2025-07-25 20:41:50 INFO  [SpringApplicationShutdownHook] o.s.o.j.LocalContainerEntityManagerFactoryBean - Closing JPA EntityManagerFactory for persistence unit 'default'
2025-07-25 20:41:50 INFO  [SpringApplicationShutdownHook] com.zaxxer.hikari.HikariDataSource - HikariPool-1 - Shutdown initiated...
2025-07-25 20:41:50 INFO  [SpringApplicationShutdownHook] com.zaxxer.hikari.HikariDataSource - HikariPool-1 - Shutdown completed.
2025-07-25 20:41:53 INFO  [background-preinit] o.h.validator.internal.util.Version - HV000001: Hibernate Validator 8.0.2.Final
2025-07-25 20:41:53 INFO  [main] c.s.irctc.IrctcBackendApplication - Starting IrctcBackendApplication using Java 21.0.1 with PID 27783 (/Users/durgesh_mac/Documents/Workspace/Live batch/backendX-2405/mvc/irctc-backend/target/classes started by durgesh_mac in /Users/durgesh_mac/Documents/Workspace/Live batch/backendX-2405/mvc/irctc-backend)
2025-07-25 20:41:53 INFO  [main] c.s.irctc.IrctcBackendApplication - No active profile set, falling back to 1 default profile: "default"
2025-07-25 20:41:53 INFO  [main] o.s.d.r.c.RepositoryConfigurationDelegate - Bootstrapping Spring Data JPA repositories in DEFAULT mode.
2025-07-25 20:41:53 INFO  [main] o.s.d.r.c.RepositoryConfigurationDelegate - Finished Spring Data repository scanning in 36 ms. Found 9 JPA repository interfaces.
2025-07-25 20:41:54 INFO  [main] o.s.b.w.e.tomcat.TomcatWebServer - Tomcat initialized with port 8081 (http)
2025-07-25 20:41:54 INFO  [main] o.a.coyote.http11.Http11NioProtocol - Initializing ProtocolHandler ["http-nio-8081"]
2025-07-25 20:41:54 INFO  [main] o.a.catalina.core.StandardService - Starting service [Tomcat]
2025-07-25 20:41:54 INFO  [main] o.a.catalina.core.StandardEngine - Starting Servlet engine: [Apache Tomcat/10.1.41]
2025-07-25 20:41:54 INFO  [main] o.a.c.c.C.[Tomcat].[localhost].[/] - Initializing Spring embedded WebApplicationContext
2025-07-25 20:41:54 INFO  [main] o.s.b.w.s.c.ServletWebServerApplicationContext - Root WebApplicationContext: initialization completed in 845 ms
2025-07-25 20:41:54 INFO  [main] o.h.jpa.internal.util.LogHelper - HHH000204: Processing PersistenceUnitInfo [name: default]
2025-07-25 20:41:54 INFO  [main] org.hibernate.Version - HHH000412: Hibernate ORM core version 6.6.15.Final
2025-07-25 20:41:54 INFO  [main] o.h.c.i.RegionFactoryInitiator - HHH000026: Second-level cache disabled
2025-07-25 20:41:54 INFO  [main] o.s.o.j.p.SpringPersistenceUnitInfo - No LoadTimeWeaver setup: ignoring JPA class transformer
2025-07-25 20:41:54 INFO  [main] com.zaxxer.hikari.HikariDataSource - HikariPool-1 - Starting...
2025-07-25 20:41:54 INFO  [main] com.zaxxer.hikari.pool.HikariPool - HikariPool-1 - Added connection com.mysql.cj.jdbc.ConnectionImpl@519b0f00
2025-07-25 20:41:54 INFO  [main] com.zaxxer.hikari.HikariDataSource - HikariPool-1 - Start completed.
2025-07-25 20:41:54 WARN  [main] org.hibernate.orm.deprecation - HHH90000025: MySQL8Dialect does not need to be specified explicitly using 'hibernate.dialect' (remove the property setting and it will be selected by default)
2025-07-25 20:41:54 WARN  [main] org.hibernate.orm.deprecation - HHH90000026: MySQL8Dialect has been deprecated; use org.hibernate.dialect.MySQLDialect instead
2025-07-25 20:41:54 INFO  [main] o.hibernate.orm.connections.pooling - HHH10001005: Database info:
	Database JDBC URL [Connecting through datasource 'HikariDataSource (HikariPool-1)']
	Database driver: undefined/unknown
	Database version: 8.0
	Autocommit mode: undefined/unknown
	Isolation level: undefined/unknown
	Minimum pool size: undefined/unknown
	Maximum pool size: undefined/unknown
2025-07-25 20:41:55 INFO  [main] o.h.e.t.j.p.i.JtaPlatformInitiator - HHH000489: No JTA platform available (set 'hibernate.transaction.jta.platform' to enable JTA platform integration)
2025-07-25 20:41:55 INFO  [main] o.s.o.j.LocalContainerEntityManagerFactoryBean - Initialized JPA EntityManagerFactory for persistence unit 'default'
2025-07-25 20:41:55 DEBUG [main] c.s.i.c.s.JwtAuthenticationFilter - Filter 'jwtAuthenticationFilter' configured for use
2025-07-25 20:41:55 INFO  [main] o.s.s.c.a.a.c.InitializeUserDetailsBeanManagerConfigurer$InitializeUserDetailsManagerConfigurer - Global AuthenticationManager configured with UserDetailsService bean with name customUserDetailService
2025-07-25 20:41:55 INFO  [main] o.s.d.j.r.query.QueryEnhancerFactory - Hibernate is in classpath; If applicable, HQL parser will be used.
2025-07-25 20:41:56 WARN  [main] o.s.b.a.o.j.JpaBaseConfiguration$JpaWebConfiguration - spring.jpa.open-in-view is enabled by default. Therefore, database queries may be performed during view rendering. Explicitly configure spring.jpa.open-in-view to disable this warning
2025-07-25 20:41:56 INFO  [main] o.a.coyote.http11.Http11NioProtocol - Starting ProtocolHandler ["http-nio-8081"]
2025-07-25 20:41:56 INFO  [main] o.s.b.w.e.tomcat.TomcatWebServer - Tomcat started on port 8081 (http) with context path '/'
2025-07-25 20:41:56 INFO  [main] c.s.irctc.IrctcBackendApplication - Started IrctcBackendApplication in 3.459 seconds (process running for 3.656)
2025-07-25 20:41:56 INFO  [main] c.s.irctc.IrctcBackendApplication - Initializing roles...
2025-07-25 20:41:56 WARN  [main] c.s.irctc.IrctcBackendApplication - Initializing roles...
2025-07-25 20:41:56 ERROR [main] c.s.irctc.IrctcBackendApplication - Initializing roles...
2025-07-25 20:41:58 INFO  [http-nio-8081-exec-2] o.a.c.c.C.[Tomcat].[localhost].[/] - Initializing Spring DispatcherServlet 'dispatcherServlet'
2025-07-25 20:41:58 INFO  [http-nio-8081-exec-2] o.s.web.servlet.DispatcherServlet - Initializing Servlet 'dispatcherServlet'
2025-07-25 20:41:58 INFO  [http-nio-8081-exec-2] o.s.web.servlet.DispatcherServlet - Completed initialization in 1 ms
2025-07-25 20:41:58 TRACE [http-nio-8081-exec-2] c.s.i.c.s.JwtAuthenticationFilter - Request to the JWT Filter : null
2025-07-25 20:41:58 INFO  [http-nio-8081-exec-2] c.s.irctc.aspects.LoggingAspect - Before method Execution userTrainSearch 
2025-07-25 20:41:58 INFO  [http-nio-8081-exec-2] c.s.irctc.aspects.LoggingAspect - Time taken 29 ms
2025-07-25 20:41:58 INFO  [http-nio-8081-exec-2] c.s.irctc.aspects.LoggingAspect - After  method Execution userTrainSearch 
2025-07-25 20:42:12 TRACE [http-nio-8081-exec-3] c.s.i.c.s.JwtAuthenticationFilter - Request to the JWT Filter : null
2025-07-25 20:42:12 INFO  [http-nio-8081-exec-3] c.s.irctc.aspects.LoggingAspect - Before method Execution userTrainSearch 
2025-07-25 20:42:12 INFO  [http-nio-8081-exec-3] c.s.irctc.aspects.LoggingAspect - Time taken 9 ms
2025-07-25 20:42:12 INFO  [http-nio-8081-exec-3] c.s.irctc.aspects.LoggingAspect - After  method Execution userTrainSearch 
2025-07-25 20:42:19 TRACE [http-nio-8081-exec-4] c.s.i.c.s.JwtAuthenticationFilter - Request to the JWT Filter : null
2025-07-25 20:42:19 INFO  [http-nio-8081-exec-4] c.s.irctc.aspects.LoggingAspect - Before method Execution userTrainSearch 
2025-07-25 20:42:19 INFO  [http-nio-8081-exec-4] c.s.irctc.aspects.LoggingAspect - Time taken 12 ms
2025-07-25 20:42:19 INFO  [http-nio-8081-exec-4] c.s.irctc.aspects.LoggingAspect - After  method Execution userTrainSearch 
2025-07-25 20:44:25 INFO  [SpringApplicationShutdownHook] o.s.b.w.e.tomcat.GracefulShutdown - Commencing graceful shutdown. Waiting for active requests to complete
2025-07-25 20:44:25 INFO  [tomcat-shutdown] o.s.b.w.e.tomcat.GracefulShutdown - Graceful shutdown complete
2025-07-25 20:44:25 INFO  [SpringApplicationShutdownHook] o.s.o.j.LocalContainerEntityManagerFactoryBean - Closing JPA EntityManagerFactory for persistence unit 'default'
2025-07-25 20:44:25 INFO  [SpringApplicationShutdownHook] com.zaxxer.hikari.HikariDataSource - HikariPool-1 - Shutdown initiated...
2025-07-25 20:44:25 INFO  [SpringApplicationShutdownHook] com.zaxxer.hikari.HikariDataSource - HikariPool-1 - Shutdown completed.
2025-07-25 20:44:27 INFO  [background-preinit] o.h.validator.internal.util.Version - HV000001: Hibernate Validator 8.0.2.Final
2025-07-25 20:44:27 INFO  [main] c.s.irctc.IrctcBackendApplication - Starting IrctcBackendApplication using Java 21.0.1 with PID 28165 (/Users/durgesh_mac/Documents/Workspace/Live batch/backendX-2405/mvc/irctc-backend/target/classes started by durgesh_mac in /Users/durgesh_mac/Documents/Workspace/Live batch/backendX-2405/mvc/irctc-backend)
2025-07-25 20:44:27 INFO  [main] c.s.irctc.IrctcBackendApplication - No active profile set, falling back to 1 default profile: "default"
2025-07-25 20:44:27 INFO  [main] o.s.d.r.c.RepositoryConfigurationDelegate - Bootstrapping Spring Data JPA repositories in DEFAULT mode.
2025-07-25 20:44:27 INFO  [main] o.s.d.r.c.RepositoryConfigurationDelegate - Finished Spring Data repository scanning in 29 ms. Found 9 JPA repository interfaces.
2025-07-25 20:44:27 INFO  [main] o.s.b.w.e.tomcat.TomcatWebServer - Tomcat initialized with port 8081 (http)
2025-07-25 20:44:27 INFO  [main] o.a.coyote.http11.Http11NioProtocol - Initializing ProtocolHandler ["http-nio-8081"]
2025-07-25 20:44:27 INFO  [main] o.a.catalina.core.StandardService - Starting service [Tomcat]
2025-07-25 20:44:27 INFO  [main] o.a.catalina.core.StandardEngine - Starting Servlet engine: [Apache Tomcat/10.1.41]
2025-07-25 20:44:27 INFO  [main] o.a.c.c.C.[Tomcat].[localhost].[/] - Initializing Spring embedded WebApplicationContext
2025-07-25 20:44:27 INFO  [main] o.s.b.w.s.c.ServletWebServerApplicationContext - Root WebApplicationContext: initialization completed in 760 ms
2025-07-25 20:44:27 INFO  [main] o.h.jpa.internal.util.LogHelper - HHH000204: Processing PersistenceUnitInfo [name: default]
2025-07-25 20:44:27 INFO  [main] org.hibernate.Version - HHH000412: Hibernate ORM core version 6.6.15.Final
2025-07-25 20:44:27 INFO  [main] o.h.c.i.RegionFactoryInitiator - HHH000026: Second-level cache disabled
2025-07-25 20:44:28 INFO  [main] o.s.o.j.p.SpringPersistenceUnitInfo - No LoadTimeWeaver setup: ignoring JPA class transformer
2025-07-25 20:44:28 INFO  [main] com.zaxxer.hikari.HikariDataSource - HikariPool-1 - Starting...
2025-07-25 20:44:28 INFO  [main] com.zaxxer.hikari.pool.HikariPool - HikariPool-1 - Added connection com.mysql.cj.jdbc.ConnectionImpl@6338afe2
2025-07-25 20:44:28 INFO  [main] com.zaxxer.hikari.HikariDataSource - HikariPool-1 - Start completed.
2025-07-25 20:44:28 WARN  [main] org.hibernate.orm.deprecation - HHH90000025: MySQL8Dialect does not need to be specified explicitly using 'hibernate.dialect' (remove the property setting and it will be selected by default)
2025-07-25 20:44:28 WARN  [main] org.hibernate.orm.deprecation - HHH90000026: MySQL8Dialect has been deprecated; use org.hibernate.dialect.MySQLDialect instead
2025-07-25 20:44:28 INFO  [main] o.hibernate.orm.connections.pooling - HHH10001005: Database info:
	Database JDBC URL [Connecting through datasource 'HikariDataSource (HikariPool-1)']
	Database driver: undefined/unknown
	Database version: 8.0
	Autocommit mode: undefined/unknown
	Isolation level: undefined/unknown
	Minimum pool size: undefined/unknown
	Maximum pool size: undefined/unknown
2025-07-25 20:44:28 INFO  [main] o.h.e.t.j.p.i.JtaPlatformInitiator - HHH000489: No JTA platform available (set 'hibernate.transaction.jta.platform' to enable JTA platform integration)
2025-07-25 20:44:28 INFO  [main] o.s.o.j.LocalContainerEntityManagerFactoryBean - Initialized JPA EntityManagerFactory for persistence unit 'default'
2025-07-25 20:44:29 DEBUG [main] c.s.i.c.s.JwtAuthenticationFilter - Filter 'jwtAuthenticationFilter' configured for use
2025-07-25 20:44:29 INFO  [main] o.s.s.c.a.a.c.InitializeUserDetailsBeanManagerConfigurer$InitializeUserDetailsManagerConfigurer - Global AuthenticationManager configured with UserDetailsService bean with name customUserDetailService
2025-07-25 20:44:29 INFO  [main] o.s.d.j.r.query.QueryEnhancerFactory - Hibernate is in classpath; If applicable, HQL parser will be used.
2025-07-25 20:44:29 WARN  [main] o.s.b.a.o.j.JpaBaseConfiguration$JpaWebConfiguration - spring.jpa.open-in-view is enabled by default. Therefore, database queries may be performed during view rendering. Explicitly configure spring.jpa.open-in-view to disable this warning
2025-07-25 20:44:30 INFO  [main] o.a.coyote.http11.Http11NioProtocol - Starting ProtocolHandler ["http-nio-8081"]
2025-07-25 20:44:30 INFO  [main] o.s.b.w.e.tomcat.TomcatWebServer - Tomcat started on port 8081 (http) with context path '/'
2025-07-25 20:44:30 INFO  [main] c.s.irctc.IrctcBackendApplication - Started IrctcBackendApplication in 3.35 seconds (process running for 3.553)
2025-07-25 20:44:30 INFO  [main] c.s.irctc.IrctcBackendApplication - Initializing roles...
2025-07-25 20:44:30 WARN  [main] c.s.irctc.IrctcBackendApplication - Initializing roles...
2025-07-25 20:44:30 ERROR [main] c.s.irctc.IrctcBackendApplication - Initializing roles...
2025-07-25 20:44:35 INFO  [http-nio-8081-exec-1] o.a.c.c.C.[Tomcat].[localhost].[/] - Initializing Spring DispatcherServlet 'dispatcherServlet'
2025-07-25 20:44:35 INFO  [http-nio-8081-exec-1] o.s.web.servlet.DispatcherServlet - Initializing Servlet 'dispatcherServlet'
2025-07-25 20:44:35 INFO  [http-nio-8081-exec-1] o.s.web.servlet.DispatcherServlet - Completed initialization in 1 ms
2025-07-25 20:44:35 TRACE [http-nio-8081-exec-1] c.s.i.c.s.JwtAuthenticationFilter - Request to the JWT Filter : null
2025-07-25 20:44:35 INFO  [http-nio-8081-exec-1] c.s.irctc.aspects.LoggingAspect - Before method Execution userTrainSearch 
2025-07-25 20:44:35 INFO  [http-nio-8081-exec-1] c.s.irctc.aspects.LoggingAspect - Time taken 36 ms
2025-07-25 20:44:35 INFO  [http-nio-8081-exec-1] c.s.irctc.aspects.LoggingAspect - After  method Execution userTrainSearch 
2025-07-25 20:50:32 TRACE [http-nio-8081-exec-4] c.s.i.c.s.JwtAuthenticationFilter - Request to the JWT Filter : null
2025-07-25 20:50:32 INFO  [http-nio-8081-exec-4] c.s.irctc.aspects.LoggingAspect - Before method Execution userTrainSearch 
2025-07-25 20:50:32 INFO  [http-nio-8081-exec-4] c.s.irctc.aspects.LoggingAspect - Time taken 23 ms
2025-07-25 20:50:32 INFO  [http-nio-8081-exec-4] c.s.irctc.aspects.LoggingAspect - After  method Execution userTrainSearch 
2025-07-25 20:50:41 TRACE [http-nio-8081-exec-6] c.s.i.c.s.JwtAuthenticationFilter - Request to the JWT Filter : null
2025-07-25 20:50:41 INFO  [http-nio-8081-exec-6] c.s.irctc.aspects.LoggingAspect - Before method Execution userTrainSearch 
2025-07-25 20:50:41 INFO  [http-nio-8081-exec-6] c.s.irctc.aspects.LoggingAspect - Time taken 13 ms
2025-07-25 20:50:41 INFO  [http-nio-8081-exec-6] c.s.irctc.aspects.LoggingAspect - After  method Execution userTrainSearch 
2025-07-25 20:50:46 TRACE [http-nio-8081-exec-7] c.s.i.c.s.JwtAuthenticationFilter - Request to the JWT Filter : null
2025-07-25 20:50:46 INFO  [http-nio-8081-exec-7] c.s.irctc.aspects.LoggingAspect - Before method Execution userTrainSearch 
2025-07-25 20:50:46 INFO  [http-nio-8081-exec-7] c.s.irctc.aspects.LoggingAspect - Time taken 8 ms
2025-07-25 20:50:46 INFO  [http-nio-8081-exec-7] c.s.irctc.aspects.LoggingAspect - After  method Execution userTrainSearch 
2025-07-25 20:51:12 TRACE [http-nio-8081-exec-8] c.s.i.c.s.JwtAuthenticationFilter - Request to the JWT Filter : null
2025-07-25 20:51:12 INFO  [http-nio-8081-exec-8] c.s.irctc.aspects.LoggingAspect - Before method Execution userTrainSearch 
2025-07-25 20:51:12 INFO  [http-nio-8081-exec-8] c.s.irctc.aspects.LoggingAspect - Time taken 8 ms
2025-07-25 20:51:12 INFO  [http-nio-8081-exec-8] c.s.irctc.aspects.LoggingAspect - After  method Execution userTrainSearch 
2025-07-25 20:55:01 TRACE [http-nio-8081-exec-10] c.s.i.c.s.JwtAuthenticationFilter - Request to the JWT Filter : null
2025-07-25 20:55:01 WARN  [http-nio-8081-exec-10] o.s.w.s.m.m.a.ExceptionHandlerExceptionResolver - Failure in @ExceptionHandler com.substring.irctc.exceptions.GloablExceptionHandler#handleException(Exception)
java.lang.NoClassDefFoundError: com/substring/irctc/dto/ErrorResponse
	at com.substring.irctc.exceptions.GloablExceptionHandler.handleException(GloablExceptionHandler.java:102)
	at java.base/jdk.internal.reflect.DirectMethodHandleAccessor.invoke(DirectMethodHandleAccessor.java:103)
	at java.base/java.lang.reflect.Method.invoke(Method.java:580)
	at org.springframework.web.method.support.InvocableHandlerMethod.doInvoke(InvocableHandlerMethod.java:258)
	at org.springframework.web.method.support.InvocableHandlerMethod.invokeForRequest(InvocableHandlerMethod.java:191)
	at org.springframework.web.servlet.mvc.method.annotation.ServletInvocableHandlerMethod.invokeAndHandle(ServletInvocableHandlerMethod.java:118)
	at org.springframework.web.servlet.mvc.method.annotation.ExceptionHandlerExceptionResolver.doResolveHandlerMethodException(ExceptionHandlerExceptionResolver.java:471)
	at org.springframework.web.servlet.handler.AbstractHandlerMethodExceptionResolver.doResolveException(AbstractHandlerMethodExceptionResolver.java:73)
	at org.springframework.web.servlet.handler.AbstractHandlerExceptionResolver.resolveException(AbstractHandlerExceptionResolver.java:182)
	at org.springframework.web.servlet.handler.HandlerExceptionResolverComposite.resolveException(HandlerExceptionResolverComposite.java:80)
	at org.springframework.web.servlet.DispatcherServlet.processHandlerException(DispatcherServlet.java:1359)
	at org.springframework.web.servlet.DispatcherServlet.processDispatchResult(DispatcherServlet.java:1161)
	at org.springframework.web.servlet.DispatcherServlet.doDispatch(DispatcherServlet.java:1106)
	at org.springframework.web.servlet.DispatcherServlet.doService(DispatcherServlet.java:979)
	at org.springframework.web.servlet.FrameworkServlet.processRequest(FrameworkServlet.java:1014)
	at org.springframework.web.servlet.FrameworkServlet.doPost(FrameworkServlet.java:914)
	at jakarta.servlet.http.HttpServlet.service(HttpServlet.java:590)
	at org.springframework.web.servlet.FrameworkServlet.service(FrameworkServlet.java:885)
	at jakarta.servlet.http.HttpServlet.service(HttpServlet.java:658)
	at org.apache.catalina.core.ApplicationFilterChain.internalDoFilter(ApplicationFilterChain.java:195)
	at org.apache.catalina.core.ApplicationFilterChain.doFilter(ApplicationFilterChain.java:140)
	at org.apache.tomcat.websocket.server.WsFilter.doFilter(WsFilter.java:51)
	at org.apache.catalina.core.ApplicationFilterChain.internalDoFilter(ApplicationFilterChain.java:164)
	at org.apache.catalina.core.ApplicationFilterChain.doFilter(ApplicationFilterChain.java:140)
	at org.springframework.web.filter.OncePerRequestFilter.doFilter(OncePerRequestFilter.java:110)
	at org.apache.catalina.core.ApplicationFilterChain.internalDoFilter(ApplicationFilterChain.java:164)
	at org.apache.catalina.core.ApplicationFilterChain.doFilter(ApplicationFilterChain.java:140)
	at org.springframework.web.filter.CompositeFilter$VirtualFilterChain.doFilter(CompositeFilter.java:108)
	at org.springframework.web.filter.CompositeFilter$VirtualFilterChain.doFilter(CompositeFilter.java:108)
	at org.springframework.security.web.FilterChainProxy.lambda$doFilterInternal$3(FilterChainProxy.java:231)
	at org.springframework.security.web.FilterChainProxy$VirtualFilterChain.doFilter(FilterChainProxy.java:365)
	at org.springframework.security.web.access.intercept.AuthorizationFilter.doFilter(AuthorizationFilter.java:101)
	at org.springframework.security.web.FilterChainProxy$VirtualFilterChain.doFilter(FilterChainProxy.java:374)
	at org.springframework.security.web.access.ExceptionTranslationFilter.doFilter(ExceptionTranslationFilter.java:125)
	at org.springframework.security.web.access.ExceptionTranslationFilter.doFilter(ExceptionTranslationFilter.java:119)
	at org.springframework.security.web.FilterChainProxy$VirtualFilterChain.doFilter(FilterChainProxy.java:374)
	at org.springframework.security.web.session.SessionManagementFilter.doFilter(SessionManagementFilter.java:131)
	at org.springframework.security.web.session.SessionManagementFilter.doFilter(SessionManagementFilter.java:85)
	at org.springframework.security.web.FilterChainProxy$VirtualFilterChain.doFilter(FilterChainProxy.java:374)
	at org.springframework.security.web.authentication.AnonymousAuthenticationFilter.doFilter(AnonymousAuthenticationFilter.java:100)
	at org.springframework.security.web.FilterChainProxy$VirtualFilterChain.doFilter(FilterChainProxy.java:374)
	at org.springframework.security.web.servletapi.SecurityContextHolderAwareRequestFilter.doFilter(SecurityContextHolderAwareRequestFilter.java:179)
	at org.springframework.security.web.FilterChainProxy$VirtualFilterChain.doFilter(FilterChainProxy.java:374)
	at org.springframework.security.web.savedrequest.RequestCacheAwareFilter.doFilter(RequestCacheAwareFilter.java:63)
	at org.springframework.security.web.FilterChainProxy$VirtualFilterChain.doFilter(FilterChainProxy.java:374)
	at com.substring.irctc.config.security.JwtAuthenticationFilter.doFilterInternal(JwtAuthenticationFilter.java:112)
	at org.springframework.web.filter.OncePerRequestFilter.doFilter(OncePerRequestFilter.java:116)
	at org.springframework.security.web.FilterChainProxy$VirtualFilterChain.doFilter(FilterChainProxy.java:374)
	at org.springframework.security.web.authentication.logout.LogoutFilter.doFilter(LogoutFilter.java:107)
	at org.springframework.security.web.authentication.logout.LogoutFilter.doFilter(LogoutFilter.java:93)
	at org.springframework.security.web.FilterChainProxy$VirtualFilterChain.doFilter(FilterChainProxy.java:374)
	at org.springframework.security.web.header.HeaderWriterFilter.doHeadersAfter(HeaderWriterFilter.java:90)
	at org.springframework.security.web.header.HeaderWriterFilter.doFilterInternal(HeaderWriterFilter.java:75)
	at org.springframework.web.filter.OncePerRequestFilter.doFilter(OncePerRequestFilter.java:116)
	at org.springframework.security.web.FilterChainProxy$VirtualFilterChain.doFilter(FilterChainProxy.java:374)
	at org.springframework.security.web.context.SecurityContextHolderFilter.doFilter(SecurityContextHolderFilter.java:82)
	at org.springframework.security.web.context.SecurityContextHolderFilter.doFilter(SecurityContextHolderFilter.java:69)
	at org.springframework.security.web.FilterChainProxy$VirtualFilterChain.doFilter(FilterChainProxy.java:374)
	at org.springframework.security.web.context.request.async.WebAsyncManagerIntegrationFilter.doFilterInternal(WebAsyncManagerIntegrationFilter.java:62)
	at org.springframework.web.filter.OncePerRequestFilter.doFilter(OncePerRequestFilter.java:116)
	at org.springframework.security.web.FilterChainProxy$VirtualFilterChain.doFilter(FilterChainProxy.java:374)
	at org.springframework.security.web.session.DisableEncodeUrlFilter.doFilterInternal(DisableEncodeUrlFilter.java:42)
	at org.springframework.web.filter.OncePerRequestFilter.doFilter(OncePerRequestFilter.java:116)
	at org.springframework.security.web.FilterChainProxy$VirtualFilterChain.doFilter(FilterChainProxy.java:374)
	at org.springframework.security.web.FilterChainProxy.doFilterInternal(FilterChainProxy.java:233)
	at org.springframework.security.web.FilterChainProxy.doFilter(FilterChainProxy.java:191)
	at org.springframework.web.filter.CompositeFilter$VirtualFilterChain.doFilter(CompositeFilter.java:113)
	at org.springframework.web.filter.ServletRequestPathFilter.doFilter(ServletRequestPathFilter.java:52)
	at org.springframework.web.filter.CompositeFilter$VirtualFilterChain.doFilter(CompositeFilter.java:113)
	at org.springframework.web.filter.CompositeFilter.doFilter(CompositeFilter.java:74)
	at org.springframework.security.config.annotation.web.configuration.WebSecurityConfiguration$CompositeFilterChainProxy.doFilter(WebSecurityConfiguration.java:319)
	at org.springframework.web.filter.CompositeFilter$VirtualFilterChain.doFilter(CompositeFilter.java:113)
	at org.springframework.web.servlet.handler.HandlerMappingIntrospector.lambda$createCacheFilter$3(HandlerMappingIntrospector.java:243)
	at org.springframework.web.filter.CompositeFilter$VirtualFilterChain.doFilter(CompositeFilter.java:113)
	at org.springframework.web.filter.CompositeFilter.doFilter(CompositeFilter.java:74)
	at org.springframework.security.config.annotation.web.configuration.WebMvcSecurityConfiguration$CompositeFilterChainProxy.doFilter(WebMvcSecurityConfiguration.java:240)
	at org.springframework.web.filter.DelegatingFilterProxy.invokeDelegate(DelegatingFilterProxy.java:362)
	at org.springframework.web.filter.DelegatingFilterProxy.doFilter(DelegatingFilterProxy.java:278)
	at org.apache.catalina.core.ApplicationFilterChain.internalDoFilter(ApplicationFilterChain.java:164)
	at org.apache.catalina.core.ApplicationFilterChain.doFilter(ApplicationFilterChain.java:140)
	at org.springframework.web.filter.RequestContextFilter.doFilterInternal(RequestContextFilter.java:100)
	at org.springframework.web.filter.OncePerRequestFilter.doFilter(OncePerRequestFilter.java:116)
	at org.apache.catalina.core.ApplicationFilterChain.internalDoFilter(ApplicationFilterChain.java:164)
	at org.apache.catalina.core.ApplicationFilterChain.doFilter(ApplicationFilterChain.java:140)
	at org.springframework.web.filter.FormContentFilter.doFilterInternal(FormContentFilter.java:93)
	at org.springframework.web.filter.OncePerRequestFilter.doFilter(OncePerRequestFilter.java:116)
	at org.apache.catalina.core.ApplicationFilterChain.internalDoFilter(ApplicationFilterChain.java:164)
	at org.apache.catalina.core.ApplicationFilterChain.doFilter(ApplicationFilterChain.java:140)
	at org.springframework.web.filter.CharacterEncodingFilter.doFilterInternal(CharacterEncodingFilter.java:201)
	at org.springframework.web.filter.OncePerRequestFilter.doFilter(OncePerRequestFilter.java:116)
	at org.apache.catalina.core.ApplicationFilterChain.internalDoFilter(ApplicationFilterChain.java:164)
	at org.apache.catalina.core.ApplicationFilterChain.doFilter(ApplicationFilterChain.java:140)
	at org.apache.catalina.core.StandardWrapperValve.invoke(StandardWrapperValve.java:167)
	at org.apache.catalina.core.StandardContextValve.invoke(StandardContextValve.java:90)
	at org.apache.catalina.authenticator.AuthenticatorBase.invoke(AuthenticatorBase.java:483)
	at org.apache.catalina.core.StandardHostValve.invoke(StandardHostValve.java:116)
	at org.apache.catalina.valves.ErrorReportValve.invoke(ErrorReportValve.java:93)
	at org.apache.catalina.core.StandardEngineValve.invoke(StandardEngineValve.java:74)
	at org.apache.catalina.connector.CoyoteAdapter.service(CoyoteAdapter.java:344)
	at org.apache.coyote.http11.Http11Processor.service(Http11Processor.java:398)
	at org.apache.coyote.AbstractProcessorLight.process(AbstractProcessorLight.java:63)
	at org.apache.coyote.AbstractProtocol$ConnectionHandler.process(AbstractProtocol.java:903)
	at org.apache.tomcat.util.net.NioEndpoint$SocketProcessor.doRun(NioEndpoint.java:1740)
	at org.apache.tomcat.util.net.SocketProcessorBase.run(SocketProcessorBase.java:52)
	at org.apache.tomcat.util.threads.ThreadPoolExecutor.runWorker(ThreadPoolExecutor.java:1189)
	at org.apache.tomcat.util.threads.ThreadPoolExecutor$Worker.run(ThreadPoolExecutor.java:658)
	at org.apache.tomcat.util.threads.TaskThread$WrappingRunnable.run(TaskThread.java:63)
	at java.base/java.lang.Thread.run(Thread.java:1583)
Caused by: java.lang.ClassNotFoundException: com.substring.irctc.dto.ErrorResponse
	at java.base/jdk.internal.loader.BuiltinClassLoader.loadClass(BuiltinClassLoader.java:641)
	at java.base/jdk.internal.loader.ClassLoaders$AppClassLoader.loadClass(ClassLoaders.java:188)
	at java.base/java.lang.ClassLoader.loadClass(ClassLoader.java:526)
	... 108 common frames omitted
2025-07-25 20:55:01 ERROR [http-nio-8081-exec-10] o.a.c.c.C.[.[.[.[dispatcherServlet] - Servlet.service() for servlet [dispatcherServlet] in context with path [] threw exception [Handler dispatch failed: java.lang.NoClassDefFoundError: com/substring/irctc/config/security/CustomUserDetail] with root cause
java.lang.ClassNotFoundException: com.substring.irctc.config.security.CustomUserDetail
	at java.base/jdk.internal.loader.BuiltinClassLoader.loadClass(BuiltinClassLoader.java:641)
	at java.base/jdk.internal.loader.ClassLoaders$AppClassLoader.loadClass(ClassLoaders.java:188)
	at java.base/java.lang.ClassLoader.loadClass(ClassLoader.java:526)
	at com.substring.irctc.config.security.CustomUserDetailService.loadUserByUsername(CustomUserDetailService.java:31)
	at org.springframework.security.authentication.dao.DaoAuthenticationProvider.retrieveUser(DaoAuthenticationProvider.java:121)
	at org.springframework.security.authentication.dao.AbstractUserDetailsAuthenticationProvider.authenticate(AbstractUserDetailsAuthenticationProvider.java:136)
	at org.springframework.security.authentication.ProviderManager.authenticate(ProviderManager.java:182)
	at com.substring.irctc.controllers.AuthController.login(AuthController.java:58)
	at java.base/jdk.internal.reflect.DirectMethodHandleAccessor.invoke(DirectMethodHandleAccessor.java:103)
	at java.base/java.lang.reflect.Method.invoke(Method.java:580)
	at org.springframework.aop.support.AopUtils.invokeJoinpointUsingReflection(AopUtils.java:359)
	at org.springframework.aop.framework.CglibAopProxy$DynamicAdvisedInterceptor.intercept(CglibAopProxy.java:724)
	at com.substring.irctc.controllers.AuthController$$SpringCGLIB$$0.login(<generated>)
	at java.base/jdk.internal.reflect.DirectMethodHandleAccessor.invoke(DirectMethodHandleAccessor.java:103)
	at java.base/java.lang.reflect.Method.invoke(Method.java:580)
	at org.springframework.web.method.support.InvocableHandlerMethod.doInvoke(InvocableHandlerMethod.java:258)
	at org.springframework.web.method.support.InvocableHandlerMethod.invokeForRequest(InvocableHandlerMethod.java:191)
	at org.springframework.web.servlet.mvc.method.annotation.ServletInvocableHandlerMethod.invokeAndHandle(ServletInvocableHandlerMethod.java:118)
	at org.springframework.web.servlet.mvc.method.annotation.RequestMappingHandlerAdapter.invokeHandlerMethod(RequestMappingHandlerAdapter.java:986)
	at org.springframework.web.servlet.mvc.method.annotation.RequestMappingHandlerAdapter.handleInternal(RequestMappingHandlerAdapter.java:891)
	at org.springframework.web.servlet.mvc.method.AbstractHandlerMethodAdapter.handle(AbstractHandlerMethodAdapter.java:87)
	at org.springframework.web.servlet.DispatcherServlet.doDispatch(DispatcherServlet.java:1089)
	at org.springframework.web.servlet.DispatcherServlet.doService(DispatcherServlet.java:979)
	at org.springframework.web.servlet.FrameworkServlet.processRequest(FrameworkServlet.java:1014)
	at org.springframework.web.servlet.FrameworkServlet.doPost(FrameworkServlet.java:914)
	at jakarta.servlet.http.HttpServlet.service(HttpServlet.java:590)
	at org.springframework.web.servlet.FrameworkServlet.service(FrameworkServlet.java:885)
	at jakarta.servlet.http.HttpServlet.service(HttpServlet.java:658)
	at org.apache.catalina.core.ApplicationFilterChain.internalDoFilter(ApplicationFilterChain.java:195)
	at org.apache.catalina.core.ApplicationFilterChain.doFilter(ApplicationFilterChain.java:140)
	at org.apache.tomcat.websocket.server.WsFilter.doFilter(WsFilter.java:51)
	at org.apache.catalina.core.ApplicationFilterChain.internalDoFilter(ApplicationFilterChain.java:164)
	at org.apache.catalina.core.ApplicationFilterChain.doFilter(ApplicationFilterChain.java:140)
	at org.springframework.web.filter.OncePerRequestFilter.doFilter(OncePerRequestFilter.java:110)
	at org.apache.catalina.core.ApplicationFilterChain.internalDoFilter(ApplicationFilterChain.java:164)
	at org.apache.catalina.core.ApplicationFilterChain.doFilter(ApplicationFilterChain.java:140)
	at org.springframework.web.filter.CompositeFilter$VirtualFilterChain.doFilter(CompositeFilter.java:108)
	at org.springframework.web.filter.CompositeFilter$VirtualFilterChain.doFilter(CompositeFilter.java:108)
	at org.springframework.security.web.FilterChainProxy.lambda$doFilterInternal$3(FilterChainProxy.java:231)
	at org.springframework.security.web.FilterChainProxy$VirtualFilterChain.doFilter(FilterChainProxy.java:365)
	at org.springframework.security.web.access.intercept.AuthorizationFilter.doFilter(AuthorizationFilter.java:101)
	at org.springframework.security.web.FilterChainProxy$VirtualFilterChain.doFilter(FilterChainProxy.java:374)
	at org.springframework.security.web.access.ExceptionTranslationFilter.doFilter(ExceptionTranslationFilter.java:125)
	at org.springframework.security.web.access.ExceptionTranslationFilter.doFilter(ExceptionTranslationFilter.java:119)
	at org.springframework.security.web.FilterChainProxy$VirtualFilterChain.doFilter(FilterChainProxy.java:374)
	at org.springframework.security.web.session.SessionManagementFilter.doFilter(SessionManagementFilter.java:131)
	at org.springframework.security.web.session.SessionManagementFilter.doFilter(SessionManagementFilter.java:85)
	at org.springframework.security.web.FilterChainProxy$VirtualFilterChain.doFilter(FilterChainProxy.java:374)
	at org.springframework.security.web.authentication.AnonymousAuthenticationFilter.doFilter(AnonymousAuthenticationFilter.java:100)
	at org.springframework.security.web.FilterChainProxy$VirtualFilterChain.doFilter(FilterChainProxy.java:374)
	at org.springframework.security.web.servletapi.SecurityContextHolderAwareRequestFilter.doFilter(SecurityContextHolderAwareRequestFilter.java:179)
	at org.springframework.security.web.FilterChainProxy$VirtualFilterChain.doFilter(FilterChainProxy.java:374)
	at org.springframework.security.web.savedrequest.RequestCacheAwareFilter.doFilter(RequestCacheAwareFilter.java:63)
	at org.springframework.security.web.FilterChainProxy$VirtualFilterChain.doFilter(FilterChainProxy.java:374)
	at com.substring.irctc.config.security.JwtAuthenticationFilter.doFilterInternal(JwtAuthenticationFilter.java:112)
	at org.springframework.web.filter.OncePerRequestFilter.doFilter(OncePerRequestFilter.java:116)
	at org.springframework.security.web.FilterChainProxy$VirtualFilterChain.doFilter(FilterChainProxy.java:374)
	at org.springframework.security.web.authentication.logout.LogoutFilter.doFilter(LogoutFilter.java:107)
	at org.springframework.security.web.authentication.logout.LogoutFilter.doFilter(LogoutFilter.java:93)
	at org.springframework.security.web.FilterChainProxy$VirtualFilterChain.doFilter(FilterChainProxy.java:374)
	at org.springframework.security.web.header.HeaderWriterFilter.doHeadersAfter(HeaderWriterFilter.java:90)
	at org.springframework.security.web.header.HeaderWriterFilter.doFilterInternal(HeaderWriterFilter.java:75)
	at org.springframework.web.filter.OncePerRequestFilter.doFilter(OncePerRequestFilter.java:116)
	at org.springframework.security.web.FilterChainProxy$VirtualFilterChain.doFilter(FilterChainProxy.java:374)
	at org.springframework.security.web.context.SecurityContextHolderFilter.doFilter(SecurityContextHolderFilter.java:82)
	at org.springframework.security.web.context.SecurityContextHolderFilter.doFilter(SecurityContextHolderFilter.java:69)
	at org.springframework.security.web.FilterChainProxy$VirtualFilterChain.doFilter(FilterChainProxy.java:374)
	at org.springframework.security.web.context.request.async.WebAsyncManagerIntegrationFilter.doFilterInternal(WebAsyncManagerIntegrationFilter.java:62)
	at org.springframework.web.filter.OncePerRequestFilter.doFilter(OncePerRequestFilter.java:116)
	at org.springframework.security.web.FilterChainProxy$VirtualFilterChain.doFilter(FilterChainProxy.java:374)
	at org.springframework.security.web.session.DisableEncodeUrlFilter.doFilterInternal(DisableEncodeUrlFilter.java:42)
	at org.springframework.web.filter.OncePerRequestFilter.doFilter(OncePerRequestFilter.java:116)
	at org.springframework.security.web.FilterChainProxy$VirtualFilterChain.doFilter(FilterChainProxy.java:374)
	at org.springframework.security.web.FilterChainProxy.doFilterInternal(FilterChainProxy.java:233)
	at org.springframework.security.web.FilterChainProxy.doFilter(FilterChainProxy.java:191)
	at org.springframework.web.filter.CompositeFilter$VirtualFilterChain.doFilter(CompositeFilter.java:113)
	at org.springframework.web.filter.ServletRequestPathFilter.doFilter(ServletRequestPathFilter.java:52)
	at org.springframework.web.filter.CompositeFilter$VirtualFilterChain.doFilter(CompositeFilter.java:113)
	at org.springframework.web.filter.CompositeFilter.doFilter(CompositeFilter.java:74)
	at org.springframework.security.config.annotation.web.configuration.WebSecurityConfiguration$CompositeFilterChainProxy.doFilter(WebSecurityConfiguration.java:319)
	at org.springframework.web.filter.CompositeFilter$VirtualFilterChain.doFilter(CompositeFilter.java:113)
	at org.springframework.web.servlet.handler.HandlerMappingIntrospector.lambda$createCacheFilter$3(HandlerMappingIntrospector.java:243)
	at org.springframework.web.filter.CompositeFilter$VirtualFilterChain.doFilter(CompositeFilter.java:113)
	at org.springframework.web.filter.CompositeFilter.doFilter(CompositeFilter.java:74)
	at org.springframework.security.config.annotation.web.configuration.WebMvcSecurityConfiguration$CompositeFilterChainProxy.doFilter(WebMvcSecurityConfiguration.java:240)
	at org.springframework.web.filter.DelegatingFilterProxy.invokeDelegate(DelegatingFilterProxy.java:362)
	at org.springframework.web.filter.DelegatingFilterProxy.doFilter(DelegatingFilterProxy.java:278)
	at org.apache.catalina.core.ApplicationFilterChain.internalDoFilter(ApplicationFilterChain.java:164)
	at org.apache.catalina.core.ApplicationFilterChain.doFilter(ApplicationFilterChain.java:140)
	at org.springframework.web.filter.RequestContextFilter.doFilterInternal(RequestContextFilter.java:100)
	at org.springframework.web.filter.OncePerRequestFilter.doFilter(OncePerRequestFilter.java:116)
	at org.apache.catalina.core.ApplicationFilterChain.internalDoFilter(ApplicationFilterChain.java:164)
	at org.apache.catalina.core.ApplicationFilterChain.doFilter(ApplicationFilterChain.java:140)
	at org.springframework.web.filter.FormContentFilter.doFilterInternal(FormContentFilter.java:93)
	at org.springframework.web.filter.OncePerRequestFilter.doFilter(OncePerRequestFilter.java:116)
	at org.apache.catalina.core.ApplicationFilterChain.internalDoFilter(ApplicationFilterChain.java:164)
	at org.apache.catalina.core.ApplicationFilterChain.doFilter(ApplicationFilterChain.java:140)
	at org.springframework.web.filter.CharacterEncodingFilter.doFilterInternal(CharacterEncodingFilter.java:201)
	at org.springframework.web.filter.OncePerRequestFilter.doFilter(OncePerRequestFilter.java:116)
	at org.apache.catalina.core.ApplicationFilterChain.internalDoFilter(ApplicationFilterChain.java:164)
	at org.apache.catalina.core.ApplicationFilterChain.doFilter(ApplicationFilterChain.java:140)
	at org.apache.catalina.core.StandardWrapperValve.invoke(StandardWrapperValve.java:167)
	at org.apache.catalina.core.StandardContextValve.invoke(StandardContextValve.java:90)
	at org.apache.catalina.authenticator.AuthenticatorBase.invoke(AuthenticatorBase.java:483)
	at org.apache.catalina.core.StandardHostValve.invoke(StandardHostValve.java:116)
	at org.apache.catalina.valves.ErrorReportValve.invoke(ErrorReportValve.java:93)
	at org.apache.catalina.core.StandardEngineValve.invoke(StandardEngineValve.java:74)
	at org.apache.catalina.connector.CoyoteAdapter.service(CoyoteAdapter.java:344)
	at org.apache.coyote.http11.Http11Processor.service(Http11Processor.java:398)
	at org.apache.coyote.AbstractProcessorLight.process(AbstractProcessorLight.java:63)
	at org.apache.coyote.AbstractProtocol$ConnectionHandler.process(AbstractProtocol.java:903)
	at org.apache.tomcat.util.net.NioEndpoint$SocketProcessor.doRun(NioEndpoint.java:1740)
	at org.apache.tomcat.util.net.SocketProcessorBase.run(SocketProcessorBase.java:52)
	at org.apache.tomcat.util.threads.ThreadPoolExecutor.runWorker(ThreadPoolExecutor.java:1189)
	at org.apache.tomcat.util.threads.ThreadPoolExecutor$Worker.run(ThreadPoolExecutor.java:658)
	at org.apache.tomcat.util.threads.TaskThread$WrappingRunnable.run(TaskThread.java:63)
	at java.base/java.lang.Thread.run(Thread.java:1583)
2025-07-25 20:55:25 INFO  [SpringApplicationShutdownHook] o.s.b.w.e.tomcat.GracefulShutdown - Commencing graceful shutdown. Waiting for active requests to complete
2025-07-25 20:55:25 INFO  [tomcat-shutdown] o.s.b.w.e.tomcat.GracefulShutdown - Graceful shutdown complete
2025-07-25 20:55:25 INFO  [SpringApplicationShutdownHook] o.s.o.j.LocalContainerEntityManagerFactoryBean - Closing JPA EntityManagerFactory for persistence unit 'default'
2025-07-25 20:55:25 INFO  [SpringApplicationShutdownHook] com.zaxxer.hikari.HikariDataSource - HikariPool-1 - Shutdown initiated...
2025-07-25 20:55:25 INFO  [SpringApplicationShutdownHook] com.zaxxer.hikari.HikariDataSource - HikariPool-1 - Shutdown completed.
