2025-07-18 20:35:19 INFO  [background-preinit] o.h.validator.internal.util.Version - HV000001: Hibernate Validator 8.0.2.Final
2025-07-18 20:35:19 INFO  [main] c.s.irctc.IrctcBackendApplication - Starting IrctcBackendApplication using Java 21.0.1 with PID 6723 (/Users/durgesh_mac/Documents/Workspace/Live batch/backendX-2405/mvc/irctc-backend/target/classes started by durgesh_mac in /Users/durgesh_mac/Documents/Workspace/Live batch/backendX-2405/mvc/irctc-backend)
2025-07-18 20:35:19 INFO  [main] c.s.irctc.IrctcBackendApplication - No active profile set, falling back to 1 default profile: "default"
2025-07-18 20:35:20 INFO  [main] o.s.d.r.c.RepositoryConfigurationDelegate - Bootstrapping Spring Data JPA repositories in DEFAULT mode.
2025-07-18 20:35:20 INFO  [main] o.s.d.r.c.RepositoryConfigurationDelegate - Finished Spring Data repository scanning in 39 ms. Found 9 JPA repository interfaces.
2025-07-18 20:35:20 INFO  [main] o.s.b.w.e.tomcat.TomcatWebServer - Tomcat initialized with port 8081 (http)
2025-07-18 20:35:20 INFO  [main] o.a.coyote.http11.Http11NioProtocol - Initializing ProtocolHandler ["http-nio-8081"]
2025-07-18 20:35:20 INFO  [main] o.a.catalina.core.StandardService - Starting service [Tomcat]
2025-07-18 20:35:20 INFO  [main] o.a.catalina.core.StandardEngine - Starting Servlet engine: [Apache Tomcat/10.1.41]
2025-07-18 20:35:20 INFO  [main] o.a.c.c.C.[Tomcat].[localhost].[/] - Initializing Spring embedded WebApplicationContext
2025-07-18 20:35:20 INFO  [main] o.s.b.w.s.c.ServletWebServerApplicationContext - Root WebApplicationContext: initialization completed in 1089 ms
2025-07-18 20:35:20 INFO  [main] o.h.jpa.internal.util.LogHelper - HHH000204: Processing PersistenceUnitInfo [name: default]
2025-07-18 20:35:20 INFO  [main] org.hibernate.Version - HHH000412: Hibernate ORM core version 6.6.15.Final
2025-07-18 20:35:20 INFO  [main] o.h.c.i.RegionFactoryInitiator - HHH000026: Second-level cache disabled
2025-07-18 20:35:21 INFO  [main] o.s.o.j.p.SpringPersistenceUnitInfo - No LoadTimeWeaver setup: ignoring JPA class transformer
2025-07-18 20:35:21 INFO  [main] com.zaxxer.hikari.HikariDataSource - HikariPool-1 - Starting...
2025-07-18 20:35:21 INFO  [main] com.zaxxer.hikari.pool.HikariPool - HikariPool-1 - Added connection com.mysql.cj.jdbc.ConnectionImpl@217b0952
2025-07-18 20:35:21 INFO  [main] com.zaxxer.hikari.HikariDataSource - HikariPool-1 - Start completed.
2025-07-18 20:35:21 WARN  [main] org.hibernate.orm.deprecation - HHH90000025: MySQL8Dialect does not need to be specified explicitly using 'hibernate.dialect' (remove the property setting and it will be selected by default)
2025-07-18 20:35:21 WARN  [main] org.hibernate.orm.deprecation - HHH90000026: MySQL8Dialect has been deprecated; use org.hibernate.dialect.MySQLDialect instead
2025-07-18 20:35:21 INFO  [main] o.hibernate.orm.connections.pooling - HHH10001005: Database info:
	Database JDBC URL [Connecting through datasource 'HikariDataSource (HikariPool-1)']
	Database driver: undefined/unknown
	Database version: 8.0
	Autocommit mode: undefined/unknown
	Isolation level: undefined/unknown
	Minimum pool size: undefined/unknown
	Maximum pool size: undefined/unknown
2025-07-18 20:35:21 INFO  [main] o.h.e.t.j.p.i.JtaPlatformInitiator - HHH000489: No JTA platform available (set 'hibernate.transaction.jta.platform' to enable JTA platform integration)
2025-07-18 20:35:22 INFO  [main] o.s.o.j.LocalContainerEntityManagerFactoryBean - Initialized JPA EntityManagerFactory for persistence unit 'default'
2025-07-18 20:35:22 DEBUG [main] c.s.i.c.s.JwtAuthenticationFilter - Filter 'jwtAuthenticationFilter' configured for use
2025-07-18 20:35:22 INFO  [main] o.s.s.c.a.a.c.InitializeUserDetailsBeanManagerConfigurer$InitializeUserDetailsManagerConfigurer - Global AuthenticationManager configured with UserDetailsService bean with name customUserDetailService
2025-07-18 20:35:22 INFO  [main] o.s.d.j.r.query.QueryEnhancerFactory - Hibernate is in classpath; If applicable, HQL parser will be used.
2025-07-18 20:35:22 WARN  [main] o.s.b.a.o.j.JpaBaseConfiguration$JpaWebConfiguration - spring.jpa.open-in-view is enabled by default. Therefore, database queries may be performed during view rendering. Explicitly configure spring.jpa.open-in-view to disable this warning
2025-07-18 20:35:23 INFO  [main] o.a.coyote.http11.Http11NioProtocol - Starting ProtocolHandler ["http-nio-8081"]
2025-07-18 20:35:23 INFO  [main] o.s.b.w.e.tomcat.TomcatWebServer - Tomcat started on port 8081 (http) with context path '/'
2025-07-18 20:35:23 INFO  [main] c.s.irctc.IrctcBackendApplication - Started IrctcBackendApplication in 3.736 seconds (process running for 3.965)
2025-07-18 20:35:23 INFO  [main] c.s.irctc.IrctcBackendApplication - Initializing roles...
2025-07-18 20:35:23 WARN  [main] c.s.irctc.IrctcBackendApplication - Initializing roles...
2025-07-18 20:35:23 ERROR [main] c.s.irctc.IrctcBackendApplication - Initializing roles...
2025-07-18 20:35:23 INFO  [http-nio-8081-exec-1] o.a.c.c.C.[Tomcat].[localhost].[/] - Initializing Spring DispatcherServlet 'dispatcherServlet'
2025-07-18 20:35:23 INFO  [http-nio-8081-exec-1] o.s.web.servlet.DispatcherServlet - Initializing Servlet 'dispatcherServlet'
2025-07-18 20:35:23 INFO  [http-nio-8081-exec-1] o.s.web.servlet.DispatcherServlet - Completed initialization in 1 ms
2025-07-18 20:35:23 TRACE [http-nio-8081-exec-1] c.s.i.c.s.JwtAuthenticationFilter - Request to the JWT Filter : null
2025-07-18 20:35:23 INFO  [http-nio-8081-exec-1] c.s.irctc.aspects.LoggingAspect - Before method Execution getAllTrains 
2025-07-18 20:35:23 INFO  [http-nio-8081-exec-1] c.s.irctc.aspects.LoggingAspect - Time taken 41 ms
2025-07-18 20:35:23 INFO  [http-nio-8081-exec-1] c.s.irctc.aspects.LoggingAspect - After  method Execution getAllTrains 
2025-07-18 20:35:26 TRACE [http-nio-8081-exec-2] c.s.i.c.s.JwtAuthenticationFilter - Request to the JWT Filter : null
2025-07-18 20:35:26 INFO  [http-nio-8081-exec-2] c.s.irctc.aspects.LoggingAspect - Before method Execution listStations 
2025-07-18 20:35:26 INFO  [http-nio-8081-exec-2] c.s.irctc.aspects.LoggingAspect - Time taken 9 ms
2025-07-18 20:35:26 INFO  [http-nio-8081-exec-2] c.s.irctc.aspects.LoggingAspect - After  method Execution listStations 
2025-07-18 20:35:30 TRACE [http-nio-8081-exec-3] c.s.i.c.s.JwtAuthenticationFilter - Request to the JWT Filter : null
2025-07-18 20:35:30 INFO  [http-nio-8081-exec-3] c.s.irctc.aspects.LoggingAspect - Before method Execution listStations 
2025-07-18 20:35:30 INFO  [http-nio-8081-exec-3] c.s.irctc.aspects.LoggingAspect - Time taken 7 ms
2025-07-18 20:35:30 INFO  [http-nio-8081-exec-3] c.s.irctc.aspects.LoggingAspect - After  method Execution listStations 
2025-07-18 20:57:07 TRACE [http-nio-8081-exec-5] c.s.i.c.s.JwtAuthenticationFilter - Request to the JWT Filter : null
2025-07-18 20:57:07 INFO  [http-nio-8081-exec-5] c.s.irctc.aspects.LoggingAspect - Before method Execution listStations 
2025-07-18 20:57:07 INFO  [http-nio-8081-exec-5] c.s.irctc.aspects.LoggingAspect - Time taken 5 ms
2025-07-18 20:57:07 INFO  [http-nio-8081-exec-5] c.s.irctc.aspects.LoggingAspect - After  method Execution listStations 
2025-07-18 20:57:18 TRACE [http-nio-8081-exec-6] c.s.i.c.s.JwtAuthenticationFilter - Request to the JWT Filter : null
2025-07-18 20:57:18 INFO  [http-nio-8081-exec-6] c.s.irctc.aspects.LoggingAspect - Before method Execution getAllTrains 
2025-07-18 20:57:18 INFO  [http-nio-8081-exec-6] c.s.irctc.aspects.LoggingAspect - Time taken 10 ms
2025-07-18 20:57:18 INFO  [http-nio-8081-exec-6] c.s.irctc.aspects.LoggingAspect - After  method Execution getAllTrains 
2025-07-18 20:57:21 TRACE [http-nio-8081-exec-7] c.s.i.c.s.JwtAuthenticationFilter - Request to the JWT Filter : null
2025-07-18 20:57:21 INFO  [http-nio-8081-exec-7] c.s.irctc.aspects.LoggingAspect - Before method Execution getAllTrains 
2025-07-18 20:57:21 INFO  [http-nio-8081-exec-7] c.s.irctc.aspects.LoggingAspect - Time taken 11 ms
2025-07-18 20:57:21 INFO  [http-nio-8081-exec-7] c.s.irctc.aspects.LoggingAspect - After  method Execution getAllTrains 
2025-07-18 21:02:58 TRACE [http-nio-8081-exec-9] c.s.i.c.s.JwtAuthenticationFilter - Request to the JWT Filter : null
2025-07-18 21:02:58 INFO  [http-nio-8081-exec-9] c.s.irctc.aspects.LoggingAspect - Before method Execution listStations 
2025-07-18 21:02:58 INFO  [http-nio-8081-exec-9] c.s.irctc.aspects.LoggingAspect - Time taken 7 ms
2025-07-18 21:02:58 INFO  [http-nio-8081-exec-9] c.s.irctc.aspects.LoggingAspect - After  method Execution listStations 
2025-07-18 21:02:59 TRACE [http-nio-8081-exec-10] c.s.i.c.s.JwtAuthenticationFilter - Request to the JWT Filter : null
2025-07-18 21:02:59 INFO  [http-nio-8081-exec-10] c.s.irctc.aspects.LoggingAspect - Before method Execution getAllTrains 
2025-07-18 21:02:59 INFO  [http-nio-8081-exec-10] c.s.irctc.aspects.LoggingAspect - Time taken 8 ms
2025-07-18 21:02:59 INFO  [http-nio-8081-exec-10] c.s.irctc.aspects.LoggingAspect - After  method Execution getAllTrains 
2025-07-18 21:03:01 TRACE [http-nio-8081-exec-1] c.s.i.c.s.JwtAuthenticationFilter - Request to the JWT Filter : null
2025-07-18 21:03:01 INFO  [http-nio-8081-exec-1] c.s.irctc.aspects.LoggingAspect - Before method Execution getAllTrains 
2025-07-18 21:03:01 INFO  [http-nio-8081-exec-1] c.s.irctc.aspects.LoggingAspect - Time taken 9 ms
2025-07-18 21:03:01 INFO  [http-nio-8081-exec-1] c.s.irctc.aspects.LoggingAspect - After  method Execution getAllTrains 
2025-07-18 21:03:09 TRACE [http-nio-8081-exec-3] c.s.i.c.s.JwtAuthenticationFilter - Request to the JWT Filter : null
2025-07-18 21:03:09 INFO  [http-nio-8081-exec-3] c.s.irctc.aspects.LoggingAspect - Before method Execution getAllTrains 
2025-07-18 21:03:09 INFO  [http-nio-8081-exec-3] c.s.irctc.aspects.LoggingAspect - Time taken 9 ms
2025-07-18 21:03:09 INFO  [http-nio-8081-exec-3] c.s.irctc.aspects.LoggingAspect - After  method Execution getAllTrains 
2025-07-18 21:03:10 TRACE [http-nio-8081-exec-4] c.s.i.c.s.JwtAuthenticationFilter - Request to the JWT Filter : null
2025-07-18 21:03:10 INFO  [http-nio-8081-exec-4] c.s.irctc.aspects.LoggingAspect - Before method Execution listStations 
2025-07-18 21:03:10 INFO  [http-nio-8081-exec-4] c.s.irctc.aspects.LoggingAspect - Time taken 6 ms
2025-07-18 21:03:10 INFO  [http-nio-8081-exec-4] c.s.irctc.aspects.LoggingAspect - After  method Execution listStations 
2025-07-18 21:03:40 TRACE [http-nio-8081-exec-5] c.s.i.c.s.JwtAuthenticationFilter - Request to the JWT Filter : null
2025-07-18 21:03:40 TRACE [http-nio-8081-exec-6] c.s.i.c.s.JwtAuthenticationFilter - Request to the JWT Filter : null
2025-07-18 21:03:40 TRACE [http-nio-8081-exec-7] c.s.i.c.s.JwtAuthenticationFilter - Request to the JWT Filter : null
2025-07-18 21:03:40 TRACE [http-nio-8081-exec-10] c.s.i.c.s.JwtAuthenticationFilter - Request to the JWT Filter : null
2025-07-18 21:03:40 TRACE [http-nio-8081-exec-8] c.s.i.c.s.JwtAuthenticationFilter - Request to the JWT Filter : null
2025-07-18 21:03:40 TRACE [http-nio-8081-exec-9] c.s.i.c.s.JwtAuthenticationFilter - Request to the JWT Filter : null
2025-07-18 21:03:40 TRACE [http-nio-8081-exec-1] c.s.i.c.s.JwtAuthenticationFilter - Request to the JWT Filter : null
2025-07-18 21:03:40 TRACE [http-nio-8081-exec-2] c.s.i.c.s.JwtAuthenticationFilter - Request to the JWT Filter : null
2025-07-18 21:03:40 TRACE [http-nio-8081-exec-3] c.s.i.c.s.JwtAuthenticationFilter - Request to the JWT Filter : null
2025-07-18 21:03:41 INFO  [http-nio-8081-exec-3] o.s.api.AbstractOpenApiResource - Init duration for springdoc-openapi is: 217 ms
2025-07-18 21:13:26 TRACE [http-nio-8081-exec-10] c.s.i.c.s.JwtAuthenticationFilter - Request to the JWT Filter : null
2025-07-18 21:13:26 TRACE [http-nio-8081-exec-2] c.s.i.c.s.JwtAuthenticationFilter - Request to the JWT Filter : null
2025-07-18 21:13:26 TRACE [http-nio-8081-exec-1] c.s.i.c.s.JwtAuthenticationFilter - Request to the JWT Filter : null
2025-07-18 21:13:26 TRACE [http-nio-8081-exec-3] c.s.i.c.s.JwtAuthenticationFilter - Request to the JWT Filter : null
2025-07-18 21:13:26 TRACE [http-nio-8081-exec-4] c.s.i.c.s.JwtAuthenticationFilter - Request to the JWT Filter : null
2025-07-18 21:13:26 TRACE [http-nio-8081-exec-5] c.s.i.c.s.JwtAuthenticationFilter - Request to the JWT Filter : null
2025-07-18 21:13:26 TRACE [http-nio-8081-exec-7] c.s.i.c.s.JwtAuthenticationFilter - Request to the JWT Filter : null
2025-07-18 21:13:26 TRACE [http-nio-8081-exec-8] c.s.i.c.s.JwtAuthenticationFilter - Request to the JWT Filter : null
2025-07-18 21:13:26 INFO  [http-nio-8081-exec-8] o.s.api.AbstractOpenApiResource - Init duration for springdoc-openapi is: 127 ms
2025-07-18 21:13:37 TRACE [http-nio-8081-exec-9] c.s.i.c.s.JwtAuthenticationFilter - Request to the JWT Filter : null
2025-07-18 21:13:37 INFO  [http-nio-8081-exec-9] c.s.irctc.aspects.LoggingAspect - Before method Execution listStations 
2025-07-18 21:13:37 INFO  [http-nio-8081-exec-9] c.s.irctc.aspects.LoggingAspect - Time taken 10 ms
2025-07-18 21:13:37 INFO  [http-nio-8081-exec-9] c.s.irctc.aspects.LoggingAspect - After  method Execution listStations 
2025-07-18 21:13:44 TRACE [http-nio-8081-exec-6] c.s.i.c.s.JwtAuthenticationFilter - Request to the JWT Filter : null
2025-07-18 21:13:44 INFO  [http-nio-8081-exec-6] c.s.irctc.aspects.LoggingAspect - Before method Execution getAllTrains 
2025-07-18 21:13:44 INFO  [http-nio-8081-exec-6] c.s.irctc.aspects.LoggingAspect - Time taken 13 ms
2025-07-18 21:13:44 INFO  [http-nio-8081-exec-6] c.s.irctc.aspects.LoggingAspect - After  method Execution getAllTrains 
2025-07-18 21:13:44 TRACE [http-nio-8081-exec-10] c.s.i.c.s.JwtAuthenticationFilter - Request to the JWT Filter : null
2025-07-18 21:13:44 INFO  [http-nio-8081-exec-10] c.s.irctc.aspects.LoggingAspect - Before method Execution listStations 
2025-07-18 21:13:44 INFO  [http-nio-8081-exec-10] c.s.irctc.aspects.LoggingAspect - Time taken 10 ms
2025-07-18 21:13:44 INFO  [http-nio-8081-exec-10] c.s.irctc.aspects.LoggingAspect - After  method Execution listStations 
2025-07-18 21:15:04 TRACE [http-nio-8081-exec-8] c.s.i.c.s.JwtAuthenticationFilter - Request to the JWT Filter : null
2025-07-18 21:15:04 INFO  [http-nio-8081-exec-8] c.s.irctc.aspects.LoggingAspect - Before method Execution getAllTrains 
2025-07-18 21:15:04 INFO  [http-nio-8081-exec-8] c.s.irctc.aspects.LoggingAspect - Time taken 10 ms
2025-07-18 21:15:04 INFO  [http-nio-8081-exec-8] c.s.irctc.aspects.LoggingAspect - After  method Execution getAllTrains 
2025-07-18 21:15:09 TRACE [http-nio-8081-exec-9] c.s.i.c.s.JwtAuthenticationFilter - Request to the JWT Filter : null
2025-07-18 21:15:09 INFO  [http-nio-8081-exec-9] c.s.irctc.aspects.LoggingAspect - Before method Execution listStations 
2025-07-18 21:15:09 INFO  [http-nio-8081-exec-9] c.s.irctc.aspects.LoggingAspect - Time taken 10 ms
2025-07-18 21:15:09 INFO  [http-nio-8081-exec-9] c.s.irctc.aspects.LoggingAspect - After  method Execution listStations 
2025-07-18 21:15:17 TRACE [http-nio-8081-exec-6] c.s.i.c.s.JwtAuthenticationFilter - Request to the JWT Filter : null
2025-07-18 21:15:17 INFO  [http-nio-8081-exec-6] c.s.irctc.aspects.LoggingAspect - Before method Execution getAllTrains 
2025-07-18 21:15:17 INFO  [http-nio-8081-exec-6] c.s.irctc.aspects.LoggingAspect - Time taken 10 ms
2025-07-18 21:15:17 INFO  [http-nio-8081-exec-6] c.s.irctc.aspects.LoggingAspect - After  method Execution getAllTrains 
2025-07-18 21:15:40 TRACE [http-nio-8081-exec-10] c.s.i.c.s.JwtAuthenticationFilter - Request to the JWT Filter : null
2025-07-18 21:15:40 INFO  [http-nio-8081-exec-10] c.s.irctc.aspects.LoggingAspect - Before method Execution listStations 
2025-07-18 21:15:40 INFO  [http-nio-8081-exec-10] c.s.irctc.aspects.LoggingAspect - Time taken 9 ms
2025-07-18 21:15:40 INFO  [http-nio-8081-exec-10] c.s.irctc.aspects.LoggingAspect - After  method Execution listStations 
2025-07-18 21:16:53 TRACE [http-nio-8081-exec-2] c.s.i.c.s.JwtAuthenticationFilter - Request to the JWT Filter : null
2025-07-18 21:16:53 INFO  [http-nio-8081-exec-2] c.s.irctc.aspects.LoggingAspect - Before method Execution listStations 
2025-07-18 21:16:53 INFO  [http-nio-8081-exec-2] c.s.irctc.aspects.LoggingAspect - Time taken 5 ms
2025-07-18 21:16:53 INFO  [http-nio-8081-exec-2] c.s.irctc.aspects.LoggingAspect - After  method Execution listStations 
2025-07-18 21:17:17 TRACE [http-nio-8081-exec-4] c.s.i.c.s.JwtAuthenticationFilter - Request to the JWT Filter : null
2025-07-18 21:17:17 INFO  [http-nio-8081-exec-4] c.s.irctc.aspects.LoggingAspect - Before method Execution listStations 
2025-07-18 21:17:17 INFO  [http-nio-8081-exec-4] c.s.irctc.aspects.LoggingAspect - Time taken 6 ms
2025-07-18 21:17:17 INFO  [http-nio-8081-exec-4] c.s.irctc.aspects.LoggingAspect - After  method Execution listStations 
2025-07-18 21:17:31 TRACE [http-nio-8081-exec-1] c.s.i.c.s.JwtAuthenticationFilter - Request to the JWT Filter : null
2025-07-18 21:17:31 INFO  [http-nio-8081-exec-1] c.s.irctc.aspects.LoggingAspect - Before method Execution listStations 
2025-07-18 21:17:31 INFO  [http-nio-8081-exec-1] c.s.irctc.aspects.LoggingAspect - Time taken 12 ms
2025-07-18 21:17:31 INFO  [http-nio-8081-exec-1] c.s.irctc.aspects.LoggingAspect - After  method Execution listStations 
2025-07-18 21:17:33 TRACE [http-nio-8081-exec-5] c.s.i.c.s.JwtAuthenticationFilter - Request to the JWT Filter : null
2025-07-18 21:17:33 INFO  [http-nio-8081-exec-5] c.s.irctc.aspects.LoggingAspect - Before method Execution listStations 
2025-07-18 21:17:33 INFO  [http-nio-8081-exec-5] c.s.irctc.aspects.LoggingAspect - Time taken 6 ms
2025-07-18 21:17:33 INFO  [http-nio-8081-exec-5] c.s.irctc.aspects.LoggingAspect - After  method Execution listStations 
2025-07-18 21:17:35 TRACE [http-nio-8081-exec-7] c.s.i.c.s.JwtAuthenticationFilter - Request to the JWT Filter : null
2025-07-18 21:17:35 INFO  [http-nio-8081-exec-7] c.s.irctc.aspects.LoggingAspect - Before method Execution listStations 
2025-07-18 21:17:35 INFO  [http-nio-8081-exec-7] c.s.irctc.aspects.LoggingAspect - Time taken 6 ms
2025-07-18 21:17:35 INFO  [http-nio-8081-exec-7] c.s.irctc.aspects.LoggingAspect - After  method Execution listStations 
2025-07-18 21:17:36 TRACE [http-nio-8081-exec-8] c.s.i.c.s.JwtAuthenticationFilter - Request to the JWT Filter : null
2025-07-18 21:17:36 INFO  [http-nio-8081-exec-8] c.s.irctc.aspects.LoggingAspect - Before method Execution listStations 
2025-07-18 21:17:36 INFO  [http-nio-8081-exec-8] c.s.irctc.aspects.LoggingAspect - Time taken 7 ms
2025-07-18 21:17:36 INFO  [http-nio-8081-exec-8] c.s.irctc.aspects.LoggingAspect - After  method Execution listStations 
2025-07-18 21:17:56 TRACE [http-nio-8081-exec-9] c.s.i.c.s.JwtAuthenticationFilter - Request to the JWT Filter : null
2025-07-18 21:17:56 INFO  [http-nio-8081-exec-9] c.s.irctc.aspects.LoggingAspect - Before method Execution listStations 
2025-07-18 21:17:56 INFO  [http-nio-8081-exec-9] c.s.irctc.aspects.LoggingAspect - Time taken 6 ms
2025-07-18 21:17:56 INFO  [http-nio-8081-exec-9] c.s.irctc.aspects.LoggingAspect - After  method Execution listStations 
2025-07-18 21:18:06 TRACE [http-nio-8081-exec-6] c.s.i.c.s.JwtAuthenticationFilter - Request to the JWT Filter : null
2025-07-18 21:18:06 INFO  [http-nio-8081-exec-6] c.s.irctc.aspects.LoggingAspect - Before method Execution listStations 
2025-07-18 21:18:06 INFO  [http-nio-8081-exec-6] c.s.irctc.aspects.LoggingAspect - Time taken 5 ms
2025-07-18 21:18:06 INFO  [http-nio-8081-exec-6] c.s.irctc.aspects.LoggingAspect - After  method Execution listStations 
2025-07-18 21:18:10 TRACE [http-nio-8081-exec-10] c.s.i.c.s.JwtAuthenticationFilter - Request to the JWT Filter : null
2025-07-18 21:18:10 INFO  [http-nio-8081-exec-10] c.s.irctc.aspects.LoggingAspect - Before method Execution listStations 
2025-07-18 21:18:10 INFO  [http-nio-8081-exec-10] c.s.irctc.aspects.LoggingAspect - Time taken 7 ms
2025-07-18 21:18:10 INFO  [http-nio-8081-exec-10] c.s.irctc.aspects.LoggingAspect - After  method Execution listStations 
2025-07-18 21:18:16 TRACE [http-nio-8081-exec-3] c.s.i.c.s.JwtAuthenticationFilter - Request to the JWT Filter : null
2025-07-18 21:18:16 INFO  [http-nio-8081-exec-3] c.s.irctc.aspects.LoggingAspect - Before method Execution listStations 
2025-07-18 21:18:16 INFO  [http-nio-8081-exec-3] c.s.irctc.aspects.LoggingAspect - Time taken 10 ms
2025-07-18 21:18:16 INFO  [http-nio-8081-exec-3] c.s.irctc.aspects.LoggingAspect - After  method Execution listStations 
2025-07-18 21:18:18 TRACE [http-nio-8081-exec-2] c.s.i.c.s.JwtAuthenticationFilter - Request to the JWT Filter : null
2025-07-18 21:18:18 INFO  [http-nio-8081-exec-2] c.s.irctc.aspects.LoggingAspect - Before method Execution listStations 
2025-07-18 21:18:18 INFO  [http-nio-8081-exec-2] c.s.irctc.aspects.LoggingAspect - Time taken 5 ms
2025-07-18 21:18:18 INFO  [http-nio-8081-exec-2] c.s.irctc.aspects.LoggingAspect - After  method Execution listStations 
2025-07-18 21:18:20 TRACE [http-nio-8081-exec-4] c.s.i.c.s.JwtAuthenticationFilter - Request to the JWT Filter : null
2025-07-18 21:18:20 INFO  [http-nio-8081-exec-4] c.s.irctc.aspects.LoggingAspect - Before method Execution listStations 
2025-07-18 21:18:20 INFO  [http-nio-8081-exec-4] c.s.irctc.aspects.LoggingAspect - Time taken 6 ms
2025-07-18 21:18:20 INFO  [http-nio-8081-exec-4] c.s.irctc.aspects.LoggingAspect - After  method Execution listStations 
2025-07-18 21:20:32 TRACE [http-nio-8081-exec-5] c.s.i.c.s.JwtAuthenticationFilter - Request to the JWT Filter : null
2025-07-18 21:20:32 INFO  [http-nio-8081-exec-5] c.s.irctc.aspects.LoggingAspect - Before method Execution listStations 
2025-07-18 21:20:32 INFO  [http-nio-8081-exec-5] c.s.irctc.aspects.LoggingAspect - Time taken 16 ms
2025-07-18 21:20:32 INFO  [http-nio-8081-exec-5] c.s.irctc.aspects.LoggingAspect - After  method Execution listStations 
2025-07-18 21:20:34 TRACE [http-nio-8081-exec-7] c.s.i.c.s.JwtAuthenticationFilter - Request to the JWT Filter : null
2025-07-18 21:20:34 INFO  [http-nio-8081-exec-7] c.s.irctc.aspects.LoggingAspect - Before method Execution listStations 
2025-07-18 21:20:34 INFO  [http-nio-8081-exec-7] c.s.irctc.aspects.LoggingAspect - Time taken 6 ms
2025-07-18 21:20:34 INFO  [http-nio-8081-exec-7] c.s.irctc.aspects.LoggingAspect - After  method Execution listStations 
2025-07-18 21:20:35 TRACE [http-nio-8081-exec-8] c.s.i.c.s.JwtAuthenticationFilter - Request to the JWT Filter : null
2025-07-18 21:20:35 INFO  [http-nio-8081-exec-8] c.s.irctc.aspects.LoggingAspect - Before method Execution getAllTrains 
2025-07-18 21:20:35 INFO  [http-nio-8081-exec-8] c.s.irctc.aspects.LoggingAspect - Time taken 13 ms
2025-07-18 21:20:35 INFO  [http-nio-8081-exec-8] c.s.irctc.aspects.LoggingAspect - After  method Execution getAllTrains 
2025-07-18 21:20:37 TRACE [http-nio-8081-exec-9] c.s.i.c.s.JwtAuthenticationFilter - Request to the JWT Filter : null
2025-07-18 21:20:37 INFO  [http-nio-8081-exec-9] c.s.irctc.aspects.LoggingAspect - Before method Execution getAllTrains 
2025-07-18 21:20:37 INFO  [http-nio-8081-exec-9] c.s.irctc.aspects.LoggingAspect - Time taken 12 ms
2025-07-18 21:20:37 INFO  [http-nio-8081-exec-9] c.s.irctc.aspects.LoggingAspect - After  method Execution getAllTrains 
2025-07-18 21:20:45 TRACE [http-nio-8081-exec-6] c.s.i.c.s.JwtAuthenticationFilter - Request to the JWT Filter : null
2025-07-18 21:20:45 INFO  [http-nio-8081-exec-6] c.s.irctc.aspects.LoggingAspect - Before method Execution getAllTrains 
2025-07-18 21:20:45 INFO  [http-nio-8081-exec-6] c.s.irctc.aspects.LoggingAspect - Time taken 16 ms
2025-07-18 21:20:45 INFO  [http-nio-8081-exec-6] c.s.irctc.aspects.LoggingAspect - After  method Execution getAllTrains 
2025-07-18 21:21:04 TRACE [http-nio-8081-exec-10] c.s.i.c.s.JwtAuthenticationFilter - Request to the JWT Filter : null
2025-07-18 21:21:04 INFO  [http-nio-8081-exec-10] c.s.irctc.aspects.LoggingAspect - Before method Execution getAllTrains 
2025-07-18 21:21:04 INFO  [http-nio-8081-exec-10] c.s.irctc.aspects.LoggingAspect - Time taken 9 ms
2025-07-18 21:21:04 INFO  [http-nio-8081-exec-10] c.s.irctc.aspects.LoggingAspect - After  method Execution getAllTrains 
2025-07-18 21:24:55 TRACE [http-nio-8081-exec-2] c.s.i.c.s.JwtAuthenticationFilter - Request to the JWT Filter : null
2025-07-18 21:24:55 INFO  [http-nio-8081-exec-2] c.s.irctc.aspects.LoggingAspect - Before method Execution listStations 
2025-07-18 21:24:55 INFO  [http-nio-8081-exec-2] c.s.irctc.aspects.LoggingAspect - Time taken 12 ms
2025-07-18 21:24:55 INFO  [http-nio-8081-exec-2] c.s.irctc.aspects.LoggingAspect - After  method Execution listStations 
2025-07-18 21:25:28 TRACE [http-nio-8081-exec-4] c.s.i.c.s.JwtAuthenticationFilter - Request to the JWT Filter : null
2025-07-18 21:25:28 INFO  [http-nio-8081-exec-4] c.s.irctc.aspects.LoggingAspect - Before method Execution getAllTrains 
2025-07-18 21:25:28 INFO  [http-nio-8081-exec-4] c.s.irctc.aspects.LoggingAspect - Time taken 10 ms
2025-07-18 21:25:28 INFO  [http-nio-8081-exec-4] c.s.irctc.aspects.LoggingAspect - After  method Execution getAllTrains 
2025-07-18 21:27:52 TRACE [http-nio-8081-exec-5] c.s.i.c.s.JwtAuthenticationFilter - Request to the JWT Filter : null
2025-07-18 21:27:52 INFO  [http-nio-8081-exec-5] c.s.irctc.aspects.LoggingAspect - Before method Execution getAllTrains 
2025-07-18 21:27:52 INFO  [http-nio-8081-exec-5] c.s.irctc.aspects.LoggingAspect - Time taken 9 ms
2025-07-18 21:27:52 INFO  [http-nio-8081-exec-5] c.s.irctc.aspects.LoggingAspect - After  method Execution getAllTrains 
2025-07-18 21:28:17 TRACE [http-nio-8081-exec-8] c.s.i.c.s.JwtAuthenticationFilter - Request to the JWT Filter : null
2025-07-18 21:28:17 INFO  [http-nio-8081-exec-8] c.s.irctc.aspects.LoggingAspect - Before method Execution getAllTrains 
2025-07-18 21:28:17 INFO  [http-nio-8081-exec-8] c.s.irctc.aspects.LoggingAspect - Time taken 9 ms
2025-07-18 21:28:17 INFO  [http-nio-8081-exec-8] c.s.irctc.aspects.LoggingAspect - After  method Execution getAllTrains 
2025-07-18 21:28:19 TRACE [http-nio-8081-exec-9] c.s.i.c.s.JwtAuthenticationFilter - Request to the JWT Filter : null
2025-07-18 21:28:19 INFO  [http-nio-8081-exec-9] c.s.irctc.aspects.LoggingAspect - Before method Execution getAllTrains 
2025-07-18 21:28:19 INFO  [http-nio-8081-exec-9] c.s.irctc.aspects.LoggingAspect - Time taken 8 ms
2025-07-18 21:28:19 INFO  [http-nio-8081-exec-9] c.s.irctc.aspects.LoggingAspect - After  method Execution getAllTrains 
2025-07-18 21:28:40 TRACE [http-nio-8081-exec-10] c.s.i.c.s.JwtAuthenticationFilter - Request to the JWT Filter : null
2025-07-18 21:28:40 INFO  [http-nio-8081-exec-10] c.s.irctc.aspects.LoggingAspect - Before method Execution getAllTrains 
2025-07-18 21:28:40 INFO  [http-nio-8081-exec-10] c.s.irctc.aspects.LoggingAspect - Time taken 8 ms
2025-07-18 21:28:40 INFO  [http-nio-8081-exec-10] c.s.irctc.aspects.LoggingAspect - After  method Execution getAllTrains 
2025-07-18 21:29:30 TRACE [http-nio-8081-exec-2] c.s.i.c.s.JwtAuthenticationFilter - Request to the JWT Filter : null
2025-07-18 21:29:30 INFO  [http-nio-8081-exec-2] c.s.irctc.aspects.LoggingAspect - Before method Execution getAllTrains 
2025-07-18 21:29:30 INFO  [http-nio-8081-exec-2] c.s.irctc.aspects.LoggingAspect - Time taken 11 ms
2025-07-18 21:29:30 INFO  [http-nio-8081-exec-2] c.s.irctc.aspects.LoggingAspect - After  method Execution getAllTrains 
2025-07-18 21:30:29 TRACE [http-nio-8081-exec-4] c.s.i.c.s.JwtAuthenticationFilter - Request to the JWT Filter : null
2025-07-18 21:30:29 INFO  [http-nio-8081-exec-4] c.s.irctc.aspects.LoggingAspect - Before method Execution listStations 
2025-07-18 21:30:29 INFO  [http-nio-8081-exec-4] c.s.irctc.aspects.LoggingAspect - Time taken 9 ms
2025-07-18 21:30:29 INFO  [http-nio-8081-exec-4] c.s.irctc.aspects.LoggingAspect - After  method Execution listStations 
2025-07-18 21:49:28 TRACE [http-nio-8081-exec-5] c.s.i.c.s.JwtAuthenticationFilter - Request to the JWT Filter : null
2025-07-18 21:49:28 INFO  [http-nio-8081-exec-5] c.s.irctc.aspects.LoggingAspect - Before method Execution listStations 
2025-07-18 21:49:28 INFO  [http-nio-8081-exec-5] c.s.irctc.aspects.LoggingAspect - Time taken 13 ms
2025-07-18 21:49:28 INFO  [http-nio-8081-exec-5] c.s.irctc.aspects.LoggingAspect - After  method Execution listStations 
2025-07-18 21:49:32 TRACE [http-nio-8081-exec-7] c.s.i.c.s.JwtAuthenticationFilter - Request to the JWT Filter : null
2025-07-18 21:49:32 INFO  [http-nio-8081-exec-7] c.s.irctc.aspects.LoggingAspect - Before method Execution listStations 
2025-07-18 21:49:32 INFO  [http-nio-8081-exec-7] c.s.irctc.aspects.LoggingAspect - Time taken 8 ms
2025-07-18 21:49:32 INFO  [http-nio-8081-exec-7] c.s.irctc.aspects.LoggingAspect - After  method Execution listStations 
2025-07-18 21:49:37 TRACE [http-nio-8081-exec-8] c.s.i.c.s.JwtAuthenticationFilter - Request to the JWT Filter : null
2025-07-18 21:49:37 INFO  [http-nio-8081-exec-8] c.s.irctc.aspects.LoggingAspect - Before method Execution listStations 
2025-07-18 21:49:37 INFO  [http-nio-8081-exec-8] c.s.irctc.aspects.LoggingAspect - Time taken 5 ms
2025-07-18 21:49:37 INFO  [http-nio-8081-exec-8] c.s.irctc.aspects.LoggingAspect - After  method Execution listStations 
2025-07-18 21:49:40 TRACE [http-nio-8081-exec-9] c.s.i.c.s.JwtAuthenticationFilter - Request to the JWT Filter : null
2025-07-18 21:49:40 INFO  [http-nio-8081-exec-9] c.s.irctc.aspects.LoggingAspect - Before method Execution listStations 
2025-07-18 21:49:40 INFO  [http-nio-8081-exec-9] c.s.irctc.aspects.LoggingAspect - Time taken 5 ms
2025-07-18 21:49:40 INFO  [http-nio-8081-exec-9] c.s.irctc.aspects.LoggingAspect - After  method Execution listStations 
2025-07-18 21:49:56 TRACE [http-nio-8081-exec-6] c.s.i.c.s.JwtAuthenticationFilter - Request to the JWT Filter : null
2025-07-18 21:49:56 INFO  [http-nio-8081-exec-6] c.s.irctc.aspects.LoggingAspect - Before method Execution listStations 
2025-07-18 21:49:56 INFO  [http-nio-8081-exec-6] c.s.irctc.aspects.LoggingAspect - Time taken 5 ms
2025-07-18 21:49:56 INFO  [http-nio-8081-exec-6] c.s.irctc.aspects.LoggingAspect - After  method Execution listStations 
2025-07-18 21:50:11 TRACE [http-nio-8081-exec-10] c.s.i.c.s.JwtAuthenticationFilter - Request to the JWT Filter : null
2025-07-18 21:50:11 INFO  [http-nio-8081-exec-10] c.s.irctc.aspects.LoggingAspect - Before method Execution listStations 
2025-07-18 21:50:11 INFO  [http-nio-8081-exec-10] c.s.irctc.aspects.LoggingAspect - Time taken 6 ms
2025-07-18 21:50:11 INFO  [http-nio-8081-exec-10] c.s.irctc.aspects.LoggingAspect - After  method Execution listStations 
2025-07-18 21:50:13 TRACE [http-nio-8081-exec-3] c.s.i.c.s.JwtAuthenticationFilter - Request to the JWT Filter : null
2025-07-18 21:50:13 INFO  [http-nio-8081-exec-3] c.s.irctc.aspects.LoggingAspect - Before method Execution listStations 
2025-07-18 21:50:13 INFO  [http-nio-8081-exec-3] c.s.irctc.aspects.LoggingAspect - Time taken 8 ms
2025-07-18 21:50:13 INFO  [http-nio-8081-exec-3] c.s.irctc.aspects.LoggingAspect - After  method Execution listStations 
2025-07-18 21:50:16 TRACE [http-nio-8081-exec-2] c.s.i.c.s.JwtAuthenticationFilter - Request to the JWT Filter : null
2025-07-18 21:50:16 INFO  [http-nio-8081-exec-2] c.s.irctc.aspects.LoggingAspect - Before method Execution listStations 
2025-07-18 21:50:16 INFO  [http-nio-8081-exec-2] c.s.irctc.aspects.LoggingAspect - Time taken 10 ms
2025-07-18 21:50:16 INFO  [http-nio-8081-exec-2] c.s.irctc.aspects.LoggingAspect - After  method Execution listStations 
2025-07-18 21:50:18 TRACE [http-nio-8081-exec-4] c.s.i.c.s.JwtAuthenticationFilter - Request to the JWT Filter : null
2025-07-18 21:50:18 INFO  [http-nio-8081-exec-4] c.s.irctc.aspects.LoggingAspect - Before method Execution listStations 
2025-07-18 21:50:18 INFO  [http-nio-8081-exec-4] c.s.irctc.aspects.LoggingAspect - Time taken 8 ms
2025-07-18 21:50:18 INFO  [http-nio-8081-exec-4] c.s.irctc.aspects.LoggingAspect - After  method Execution listStations 
2025-07-18 21:50:28 TRACE [http-nio-8081-exec-1] c.s.i.c.s.JwtAuthenticationFilter - Request to the JWT Filter : null
2025-07-18 21:50:28 INFO  [http-nio-8081-exec-1] c.s.irctc.aspects.LoggingAspect - Before method Execution listStations 
2025-07-18 21:50:28 INFO  [http-nio-8081-exec-1] c.s.irctc.aspects.LoggingAspect - Time taken 7 ms
2025-07-18 21:50:28 INFO  [http-nio-8081-exec-1] c.s.irctc.aspects.LoggingAspect - After  method Execution listStations 
2025-07-18 21:50:33 TRACE [http-nio-8081-exec-5] c.s.i.c.s.JwtAuthenticationFilter - Request to the JWT Filter : null
2025-07-18 21:50:33 INFO  [http-nio-8081-exec-5] c.s.irctc.aspects.LoggingAspect - Before method Execution listStations 
2025-07-18 21:50:33 INFO  [http-nio-8081-exec-5] c.s.irctc.aspects.LoggingAspect - Time taken 7 ms
2025-07-18 21:50:33 INFO  [http-nio-8081-exec-5] c.s.irctc.aspects.LoggingAspect - After  method Execution listStations 
2025-07-18 21:51:03 TRACE [http-nio-8081-exec-7] c.s.i.c.s.JwtAuthenticationFilter - Request to the JWT Filter : null
2025-07-18 21:51:03 INFO  [http-nio-8081-exec-7] c.s.irctc.aspects.LoggingAspect - Before method Execution listStations 
2025-07-18 21:51:03 INFO  [http-nio-8081-exec-7] c.s.irctc.aspects.LoggingAspect - Time taken 8 ms
2025-07-18 21:51:03 INFO  [http-nio-8081-exec-7] c.s.irctc.aspects.LoggingAspect - After  method Execution listStations 
2025-07-18 21:51:08 TRACE [http-nio-8081-exec-8] c.s.i.c.s.JwtAuthenticationFilter - Request to the JWT Filter : null
2025-07-18 21:51:08 INFO  [http-nio-8081-exec-8] c.s.irctc.aspects.LoggingAspect - Before method Execution listStations 
2025-07-18 21:51:08 INFO  [http-nio-8081-exec-8] c.s.irctc.aspects.LoggingAspect - Time taken 6 ms
2025-07-18 21:51:08 INFO  [http-nio-8081-exec-8] c.s.irctc.aspects.LoggingAspect - After  method Execution listStations 
2025-07-18 21:51:29 TRACE [http-nio-8081-exec-9] c.s.i.c.s.JwtAuthenticationFilter - Request to the JWT Filter : null
2025-07-18 21:51:29 INFO  [http-nio-8081-exec-9] c.s.irctc.aspects.LoggingAspect - Before method Execution listStations 
2025-07-18 21:51:29 INFO  [http-nio-8081-exec-9] c.s.irctc.aspects.LoggingAspect - Time taken 9 ms
2025-07-18 21:51:29 INFO  [http-nio-8081-exec-9] c.s.irctc.aspects.LoggingAspect - After  method Execution listStations 
2025-07-18 21:51:33 TRACE [http-nio-8081-exec-6] c.s.i.c.s.JwtAuthenticationFilter - Request to the JWT Filter : null
2025-07-18 21:51:33 INFO  [http-nio-8081-exec-6] c.s.irctc.aspects.LoggingAspect - Before method Execution listStations 
2025-07-18 21:51:33 INFO  [http-nio-8081-exec-6] c.s.irctc.aspects.LoggingAspect - Time taken 16 ms
2025-07-18 21:51:33 INFO  [http-nio-8081-exec-6] c.s.irctc.aspects.LoggingAspect - After  method Execution listStations 
2025-07-18 21:51:35 TRACE [http-nio-8081-exec-10] c.s.i.c.s.JwtAuthenticationFilter - Request to the JWT Filter : null
2025-07-18 21:51:35 INFO  [http-nio-8081-exec-10] c.s.irctc.aspects.LoggingAspect - Before method Execution listStations 
2025-07-18 21:51:35 INFO  [http-nio-8081-exec-10] c.s.irctc.aspects.LoggingAspect - Time taken 6 ms
2025-07-18 21:51:35 INFO  [http-nio-8081-exec-10] c.s.irctc.aspects.LoggingAspect - After  method Execution listStations 
2025-07-18 21:51:37 TRACE [http-nio-8081-exec-3] c.s.i.c.s.JwtAuthenticationFilter - Request to the JWT Filter : null
2025-07-18 21:51:37 INFO  [http-nio-8081-exec-3] c.s.irctc.aspects.LoggingAspect - Before method Execution listStations 
2025-07-18 21:51:37 INFO  [http-nio-8081-exec-3] c.s.irctc.aspects.LoggingAspect - Time taken 9 ms
2025-07-18 21:51:37 INFO  [http-nio-8081-exec-3] c.s.irctc.aspects.LoggingAspect - After  method Execution listStations 
2025-07-18 21:51:45 TRACE [http-nio-8081-exec-2] c.s.i.c.s.JwtAuthenticationFilter - Request to the JWT Filter : null
2025-07-18 21:51:45 INFO  [http-nio-8081-exec-2] c.s.irctc.aspects.LoggingAspect - Before method Execution listStations 
2025-07-18 21:51:45 INFO  [http-nio-8081-exec-2] c.s.irctc.aspects.LoggingAspect - Time taken 10 ms
2025-07-18 21:51:45 INFO  [http-nio-8081-exec-2] c.s.irctc.aspects.LoggingAspect - After  method Execution listStations 
2025-07-18 21:51:48 TRACE [http-nio-8081-exec-4] c.s.i.c.s.JwtAuthenticationFilter - Request to the JWT Filter : null
2025-07-18 21:51:48 INFO  [http-nio-8081-exec-4] c.s.irctc.aspects.LoggingAspect - Before method Execution getAllTrains 
2025-07-18 21:51:48 INFO  [http-nio-8081-exec-4] c.s.irctc.aspects.LoggingAspect - Time taken 14 ms
2025-07-18 21:51:48 INFO  [http-nio-8081-exec-4] c.s.irctc.aspects.LoggingAspect - After  method Execution getAllTrains 
2025-07-18 21:52:05 TRACE [http-nio-8081-exec-1] c.s.i.c.s.JwtAuthenticationFilter - Request to the JWT Filter : null
2025-07-18 21:52:05 INFO  [http-nio-8081-exec-1] c.s.irctc.aspects.LoggingAspect - Before method Execution getAllTrains 
2025-07-18 21:52:05 INFO  [http-nio-8081-exec-1] c.s.irctc.aspects.LoggingAspect - Time taken 10 ms
2025-07-18 21:52:05 INFO  [http-nio-8081-exec-1] c.s.irctc.aspects.LoggingAspect - After  method Execution getAllTrains 
2025-07-18 21:52:21 TRACE [http-nio-8081-exec-5] c.s.i.c.s.JwtAuthenticationFilter - Request to the JWT Filter : null
2025-07-18 21:52:21 INFO  [http-nio-8081-exec-5] c.s.irctc.aspects.LoggingAspect - Before method Execution getAllTrains 
2025-07-18 21:52:21 INFO  [http-nio-8081-exec-5] c.s.irctc.aspects.LoggingAspect - Time taken 5 ms
2025-07-18 21:52:21 INFO  [http-nio-8081-exec-5] c.s.irctc.aspects.LoggingAspect - After  method Execution getAllTrains 
2025-07-18 21:52:41 TRACE [http-nio-8081-exec-7] c.s.i.c.s.JwtAuthenticationFilter - Request to the JWT Filter : null
2025-07-18 21:52:41 INFO  [http-nio-8081-exec-7] c.s.irctc.aspects.LoggingAspect - Before method Execution getAllTrains 
2025-07-18 21:52:41 INFO  [http-nio-8081-exec-7] c.s.irctc.aspects.LoggingAspect - Time taken 8 ms
2025-07-18 21:52:41 INFO  [http-nio-8081-exec-7] c.s.irctc.aspects.LoggingAspect - After  method Execution getAllTrains 
2025-07-18 21:52:45 TRACE [http-nio-8081-exec-8] c.s.i.c.s.JwtAuthenticationFilter - Request to the JWT Filter : null
2025-07-18 21:52:45 INFO  [http-nio-8081-exec-8] c.s.irctc.aspects.LoggingAspect - Before method Execution getAllTrains 
2025-07-18 21:52:45 INFO  [http-nio-8081-exec-8] c.s.irctc.aspects.LoggingAspect - Time taken 8 ms
2025-07-18 21:52:45 INFO  [http-nio-8081-exec-8] c.s.irctc.aspects.LoggingAspect - After  method Execution getAllTrains 
2025-07-18 21:52:52 TRACE [http-nio-8081-exec-9] c.s.i.c.s.JwtAuthenticationFilter - Request to the JWT Filter : null
2025-07-18 21:52:52 INFO  [http-nio-8081-exec-9] c.s.irctc.aspects.LoggingAspect - Before method Execution getAllTrains 
2025-07-18 21:52:52 INFO  [http-nio-8081-exec-9] c.s.irctc.aspects.LoggingAspect - Time taken 8 ms
2025-07-18 21:52:52 INFO  [http-nio-8081-exec-9] c.s.irctc.aspects.LoggingAspect - After  method Execution getAllTrains 
2025-07-18 21:53:05 TRACE [http-nio-8081-exec-6] c.s.i.c.s.JwtAuthenticationFilter - Request to the JWT Filter : null
2025-07-18 21:53:05 INFO  [http-nio-8081-exec-6] c.s.irctc.aspects.LoggingAspect - Before method Execution getAllTrains 
2025-07-18 21:53:05 INFO  [http-nio-8081-exec-6] c.s.irctc.aspects.LoggingAspect - Time taken 12 ms
2025-07-18 21:53:05 INFO  [http-nio-8081-exec-6] c.s.irctc.aspects.LoggingAspect - After  method Execution getAllTrains 
2025-07-18 21:53:17 TRACE [http-nio-8081-exec-10] c.s.i.c.s.JwtAuthenticationFilter - Request to the JWT Filter : null
2025-07-18 21:53:17 INFO  [http-nio-8081-exec-10] c.s.irctc.aspects.LoggingAspect - Before method Execution getAllTrains 
2025-07-18 21:53:17 INFO  [http-nio-8081-exec-10] c.s.irctc.aspects.LoggingAspect - Time taken 13 ms
2025-07-18 21:53:17 INFO  [http-nio-8081-exec-10] c.s.irctc.aspects.LoggingAspect - After  method Execution getAllTrains 
2025-07-18 21:53:28 TRACE [http-nio-8081-exec-3] c.s.i.c.s.JwtAuthenticationFilter - Request to the JWT Filter : null
2025-07-18 21:53:28 INFO  [http-nio-8081-exec-3] c.s.irctc.aspects.LoggingAspect - Before method Execution getAllTrains 
2025-07-18 21:53:28 INFO  [http-nio-8081-exec-3] c.s.irctc.aspects.LoggingAspect - Time taken 8 ms
2025-07-18 21:53:28 INFO  [http-nio-8081-exec-3] c.s.irctc.aspects.LoggingAspect - After  method Execution getAllTrains 
2025-07-18 21:53:44 TRACE [http-nio-8081-exec-2] c.s.i.c.s.JwtAuthenticationFilter - Request to the JWT Filter : null
2025-07-18 21:53:44 INFO  [http-nio-8081-exec-2] c.s.irctc.aspects.LoggingAspect - Before method Execution getAllTrains 
2025-07-18 21:53:44 INFO  [http-nio-8081-exec-2] c.s.irctc.aspects.LoggingAspect - Time taken 14 ms
2025-07-18 21:53:44 INFO  [http-nio-8081-exec-2] c.s.irctc.aspects.LoggingAspect - After  method Execution getAllTrains 
2025-07-18 21:53:58 TRACE [http-nio-8081-exec-4] c.s.i.c.s.JwtAuthenticationFilter - Request to the JWT Filter : null
2025-07-18 21:53:58 INFO  [http-nio-8081-exec-4] c.s.irctc.aspects.LoggingAspect - Before method Execution getAllTrains 
2025-07-18 21:53:58 INFO  [http-nio-8081-exec-4] c.s.irctc.aspects.LoggingAspect - Time taken 7 ms
2025-07-18 21:53:58 INFO  [http-nio-8081-exec-4] c.s.irctc.aspects.LoggingAspect - After  method Execution getAllTrains 
2025-07-18 21:54:04 TRACE [http-nio-8081-exec-1] c.s.i.c.s.JwtAuthenticationFilter - Request to the JWT Filter : null
2025-07-18 21:54:04 INFO  [http-nio-8081-exec-1] c.s.irctc.aspects.LoggingAspect - Before method Execution getAllTrains 
2025-07-18 21:54:04 INFO  [http-nio-8081-exec-1] c.s.irctc.aspects.LoggingAspect - Time taken 9 ms
2025-07-18 21:54:04 INFO  [http-nio-8081-exec-1] c.s.irctc.aspects.LoggingAspect - After  method Execution getAllTrains 
2025-07-18 21:54:46 TRACE [http-nio-8081-exec-5] c.s.i.c.s.JwtAuthenticationFilter - Request to the JWT Filter : null
2025-07-18 21:54:46 INFO  [http-nio-8081-exec-5] c.s.irctc.aspects.LoggingAspect - Before method Execution getAllTrains 
2025-07-18 21:54:46 INFO  [http-nio-8081-exec-5] c.s.irctc.aspects.LoggingAspect - Time taken 7 ms
2025-07-18 21:54:46 INFO  [http-nio-8081-exec-5] c.s.irctc.aspects.LoggingAspect - After  method Execution getAllTrains 
2025-07-18 21:55:34 TRACE [http-nio-8081-exec-8] c.s.i.c.s.JwtAuthenticationFilter - Request to the JWT Filter : null
2025-07-18 21:55:34 INFO  [http-nio-8081-exec-8] c.s.irctc.aspects.LoggingAspect - Before method Execution getAllTrains 
2025-07-18 21:55:34 INFO  [http-nio-8081-exec-8] c.s.irctc.aspects.LoggingAspect - Time taken 9 ms
2025-07-18 21:55:34 INFO  [http-nio-8081-exec-8] c.s.irctc.aspects.LoggingAspect - After  method Execution getAllTrains 
2025-07-18 21:55:35 TRACE [http-nio-8081-exec-9] c.s.i.c.s.JwtAuthenticationFilter - Request to the JWT Filter : null
2025-07-18 21:55:35 INFO  [http-nio-8081-exec-9] c.s.irctc.aspects.LoggingAspect - Before method Execution getAllTrains 
2025-07-18 21:55:35 INFO  [http-nio-8081-exec-9] c.s.irctc.aspects.LoggingAspect - Time taken 10 ms
2025-07-18 21:55:35 INFO  [http-nio-8081-exec-9] c.s.irctc.aspects.LoggingAspect - After  method Execution getAllTrains 
2025-07-18 21:55:43 TRACE [http-nio-8081-exec-10] c.s.i.c.s.JwtAuthenticationFilter - Request to the JWT Filter : null
2025-07-18 21:55:43 INFO  [http-nio-8081-exec-10] c.s.irctc.aspects.LoggingAspect - Before method Execution getAllTrains 
2025-07-18 21:55:43 INFO  [http-nio-8081-exec-10] c.s.irctc.aspects.LoggingAspect - Time taken 9 ms
2025-07-18 21:55:43 INFO  [http-nio-8081-exec-10] c.s.irctc.aspects.LoggingAspect - After  method Execution getAllTrains 
2025-07-18 21:55:56 TRACE [http-nio-8081-exec-2] c.s.i.c.s.JwtAuthenticationFilter - Request to the JWT Filter : null
2025-07-18 21:55:56 INFO  [http-nio-8081-exec-2] c.s.irctc.aspects.LoggingAspect - Before method Execution getAllTrains 
2025-07-18 21:55:56 INFO  [http-nio-8081-exec-2] c.s.irctc.aspects.LoggingAspect - Time taken 8 ms
2025-07-18 21:55:56 INFO  [http-nio-8081-exec-2] c.s.irctc.aspects.LoggingAspect - After  method Execution getAllTrains 
2025-07-18 21:56:11 TRACE [http-nio-8081-exec-4] c.s.i.c.s.JwtAuthenticationFilter - Request to the JWT Filter : null
2025-07-18 21:56:11 INFO  [http-nio-8081-exec-4] c.s.irctc.aspects.LoggingAspect - Before method Execution getAllTrains 
2025-07-18 21:56:11 INFO  [http-nio-8081-exec-4] c.s.irctc.aspects.LoggingAspect - Time taken 9 ms
2025-07-18 21:56:11 INFO  [http-nio-8081-exec-4] c.s.irctc.aspects.LoggingAspect - After  method Execution getAllTrains 
2025-07-18 21:56:15 TRACE [http-nio-8081-exec-1] c.s.i.c.s.JwtAuthenticationFilter - Request to the JWT Filter : null
2025-07-18 21:56:15 INFO  [http-nio-8081-exec-1] c.s.irctc.aspects.LoggingAspect - Before method Execution listStations 
2025-07-18 21:56:15 INFO  [http-nio-8081-exec-1] c.s.irctc.aspects.LoggingAspect - Time taken 9 ms
2025-07-18 21:56:15 INFO  [http-nio-8081-exec-1] c.s.irctc.aspects.LoggingAspect - After  method Execution listStations 
2025-07-18 21:56:18 TRACE [http-nio-8081-exec-5] c.s.i.c.s.JwtAuthenticationFilter - Request to the JWT Filter : null
2025-07-18 21:56:18 INFO  [http-nio-8081-exec-5] c.s.irctc.aspects.LoggingAspect - Before method Execution listStations 
2025-07-18 21:56:18 INFO  [http-nio-8081-exec-5] c.s.irctc.aspects.LoggingAspect - Time taken 10 ms
2025-07-18 21:56:18 INFO  [http-nio-8081-exec-5] c.s.irctc.aspects.LoggingAspect - After  method Execution listStations 
2025-07-18 21:56:44 TRACE [http-nio-8081-exec-7] c.s.i.c.s.JwtAuthenticationFilter - Request to the JWT Filter : null
2025-07-18 21:56:44 INFO  [http-nio-8081-exec-7] c.s.irctc.aspects.LoggingAspect - Before method Execution listStations 
2025-07-18 21:56:44 INFO  [http-nio-8081-exec-7] c.s.irctc.aspects.LoggingAspect - Time taken 6 ms
2025-07-18 21:56:44 INFO  [http-nio-8081-exec-7] c.s.irctc.aspects.LoggingAspect - After  method Execution listStations 
2025-07-18 21:56:49 TRACE [http-nio-8081-exec-8] c.s.i.c.s.JwtAuthenticationFilter - Request to the JWT Filter : null
2025-07-18 21:56:49 INFO  [http-nio-8081-exec-8] c.s.irctc.aspects.LoggingAspect - Before method Execution listStations 
2025-07-18 21:56:49 INFO  [http-nio-8081-exec-8] c.s.irctc.aspects.LoggingAspect - Time taken 8 ms
2025-07-18 21:56:49 INFO  [http-nio-8081-exec-8] c.s.irctc.aspects.LoggingAspect - After  method Execution listStations 
2025-07-18 21:57:17 TRACE [http-nio-8081-exec-9] c.s.i.c.s.JwtAuthenticationFilter - Request to the JWT Filter : null
2025-07-18 21:57:17 INFO  [http-nio-8081-exec-9] c.s.irctc.aspects.LoggingAspect - Before method Execution listStations 
2025-07-18 21:57:17 INFO  [http-nio-8081-exec-9] c.s.irctc.aspects.LoggingAspect - Time taken 5 ms
2025-07-18 21:57:17 INFO  [http-nio-8081-exec-9] c.s.irctc.aspects.LoggingAspect - After  method Execution listStations 
2025-07-18 21:57:23 TRACE [http-nio-8081-exec-6] c.s.i.c.s.JwtAuthenticationFilter - Request to the JWT Filter : null
2025-07-18 21:57:23 INFO  [http-nio-8081-exec-6] c.s.irctc.aspects.LoggingAspect - Before method Execution listStations 
2025-07-18 21:57:23 INFO  [http-nio-8081-exec-6] c.s.irctc.aspects.LoggingAspect - Time taken 9 ms
2025-07-18 21:57:23 INFO  [http-nio-8081-exec-6] c.s.irctc.aspects.LoggingAspect - After  method Execution listStations 
2025-07-18 21:57:24 TRACE [http-nio-8081-exec-10] c.s.i.c.s.JwtAuthenticationFilter - Request to the JWT Filter : null
2025-07-18 21:57:24 INFO  [http-nio-8081-exec-10] c.s.irctc.aspects.LoggingAspect - Before method Execution getAllTrains 
2025-07-18 21:57:24 INFO  [http-nio-8081-exec-10] c.s.irctc.aspects.LoggingAspect - Time taken 11 ms
2025-07-18 21:57:24 INFO  [http-nio-8081-exec-10] c.s.irctc.aspects.LoggingAspect - After  method Execution getAllTrains 
2025-07-18 21:57:25 TRACE [http-nio-8081-exec-3] c.s.i.c.s.JwtAuthenticationFilter - Request to the JWT Filter : null
2025-07-18 21:57:25 INFO  [http-nio-8081-exec-3] c.s.irctc.aspects.LoggingAspect - Before method Execution listStations 
2025-07-18 21:57:25 INFO  [http-nio-8081-exec-3] c.s.irctc.aspects.LoggingAspect - Time taken 6 ms
2025-07-18 21:57:25 INFO  [http-nio-8081-exec-3] c.s.irctc.aspects.LoggingAspect - After  method Execution listStations 
2025-07-18 21:57:37 TRACE [http-nio-8081-exec-2] c.s.i.c.s.JwtAuthenticationFilter - Request to the JWT Filter : null
2025-07-18 21:57:37 INFO  [http-nio-8081-exec-2] c.s.irctc.aspects.LoggingAspect - Before method Execution listStations 
2025-07-18 21:57:37 INFO  [http-nio-8081-exec-2] c.s.irctc.aspects.LoggingAspect - Time taken 5 ms
2025-07-18 21:57:37 INFO  [http-nio-8081-exec-2] c.s.irctc.aspects.LoggingAspect - After  method Execution listStations 
2025-07-18 21:58:22 TRACE [http-nio-8081-exec-4] c.s.i.c.s.JwtAuthenticationFilter - Request to the JWT Filter : null
2025-07-18 21:58:22 INFO  [http-nio-8081-exec-4] c.s.irctc.aspects.LoggingAspect - Before method Execution listStations 
2025-07-18 21:58:22 INFO  [http-nio-8081-exec-4] c.s.irctc.aspects.LoggingAspect - Time taken 5 ms
2025-07-18 21:58:22 INFO  [http-nio-8081-exec-4] c.s.irctc.aspects.LoggingAspect - After  method Execution listStations 
2025-07-18 21:58:28 TRACE [http-nio-8081-exec-1] c.s.i.c.s.JwtAuthenticationFilter - Request to the JWT Filter : null
2025-07-18 21:58:28 INFO  [http-nio-8081-exec-1] c.s.irctc.aspects.LoggingAspect - Before method Execution listStations 
2025-07-18 21:58:28 INFO  [http-nio-8081-exec-1] c.s.irctc.aspects.LoggingAspect - Time taken 5 ms
2025-07-18 21:58:28 INFO  [http-nio-8081-exec-1] c.s.irctc.aspects.LoggingAspect - After  method Execution listStations 
2025-07-18 21:58:32 TRACE [http-nio-8081-exec-5] c.s.i.c.s.JwtAuthenticationFilter - Request to the JWT Filter : null
2025-07-18 21:58:32 INFO  [http-nio-8081-exec-5] c.s.irctc.aspects.LoggingAspect - Before method Execution listStations 
2025-07-18 21:58:32 INFO  [http-nio-8081-exec-5] c.s.irctc.aspects.LoggingAspect - Time taken 5 ms
2025-07-18 21:58:32 INFO  [http-nio-8081-exec-5] c.s.irctc.aspects.LoggingAspect - After  method Execution listStations 
2025-07-18 21:58:42 TRACE [http-nio-8081-exec-7] c.s.i.c.s.JwtAuthenticationFilter - Request to the JWT Filter : null
2025-07-18 21:58:42 INFO  [http-nio-8081-exec-7] c.s.irctc.aspects.LoggingAspect - Before method Execution listStations 
2025-07-18 21:58:42 INFO  [http-nio-8081-exec-7] c.s.irctc.aspects.LoggingAspect - Time taken 7 ms
2025-07-18 21:58:42 INFO  [http-nio-8081-exec-7] c.s.irctc.aspects.LoggingAspect - After  method Execution listStations 
2025-07-18 21:59:14 TRACE [http-nio-8081-exec-8] c.s.i.c.s.JwtAuthenticationFilter - Request to the JWT Filter : null
2025-07-18 21:59:14 INFO  [http-nio-8081-exec-8] c.s.irctc.aspects.LoggingAspect - Before method Execution listStations 
2025-07-18 21:59:14 INFO  [http-nio-8081-exec-8] c.s.irctc.aspects.LoggingAspect - Time taken 5 ms
2025-07-18 21:59:14 INFO  [http-nio-8081-exec-8] c.s.irctc.aspects.LoggingAspect - After  method Execution listStations 
2025-07-18 21:59:17 TRACE [http-nio-8081-exec-9] c.s.i.c.s.JwtAuthenticationFilter - Request to the JWT Filter : null
2025-07-18 21:59:17 INFO  [http-nio-8081-exec-9] c.s.irctc.aspects.LoggingAspect - Before method Execution getAllTrains 
2025-07-18 21:59:17 INFO  [http-nio-8081-exec-9] c.s.irctc.aspects.LoggingAspect - Time taken 12 ms
2025-07-18 21:59:17 INFO  [http-nio-8081-exec-9] c.s.irctc.aspects.LoggingAspect - After  method Execution getAllTrains 
2025-07-18 21:59:42 TRACE [http-nio-8081-exec-6] c.s.i.c.s.JwtAuthenticationFilter - Request to the JWT Filter : null
2025-07-18 21:59:42 INFO  [http-nio-8081-exec-6] c.s.irctc.aspects.LoggingAspect - Before method Execution listStations 
2025-07-18 21:59:42 INFO  [http-nio-8081-exec-6] c.s.irctc.aspects.LoggingAspect - Time taken 7 ms
2025-07-18 21:59:42 INFO  [http-nio-8081-exec-6] c.s.irctc.aspects.LoggingAspect - After  method Execution listStations 
2025-07-18 21:59:42 TRACE [http-nio-8081-exec-10] c.s.i.c.s.JwtAuthenticationFilter - Request to the JWT Filter : null
2025-07-18 21:59:42 INFO  [http-nio-8081-exec-10] c.s.irctc.aspects.LoggingAspect - Before method Execution getAllTrains 
2025-07-18 21:59:42 INFO  [http-nio-8081-exec-10] c.s.irctc.aspects.LoggingAspect - Time taken 12 ms
2025-07-18 21:59:42 INFO  [http-nio-8081-exec-10] c.s.irctc.aspects.LoggingAspect - After  method Execution getAllTrains 
2025-07-18 21:59:43 TRACE [http-nio-8081-exec-3] c.s.i.c.s.JwtAuthenticationFilter - Request to the JWT Filter : null
2025-07-18 21:59:43 INFO  [http-nio-8081-exec-3] c.s.irctc.aspects.LoggingAspect - Before method Execution getAllTrains 
2025-07-18 21:59:43 INFO  [http-nio-8081-exec-3] c.s.irctc.aspects.LoggingAspect - Time taken 12 ms
2025-07-18 21:59:43 INFO  [http-nio-8081-exec-3] c.s.irctc.aspects.LoggingAspect - After  method Execution getAllTrains 
2025-07-18 22:19:42 TRACE [http-nio-8081-exec-1] c.s.i.c.s.JwtAuthenticationFilter - Request to the JWT Filter : null
2025-07-18 22:19:42 INFO  [http-nio-8081-exec-1] c.s.irctc.aspects.LoggingAspect - Before method Execution getAllTrains 
2025-07-18 22:19:42 INFO  [http-nio-8081-exec-1] c.s.irctc.aspects.LoggingAspect - Time taken 16 ms
2025-07-18 22:19:42 INFO  [http-nio-8081-exec-1] c.s.irctc.aspects.LoggingAspect - After  method Execution getAllTrains 
2025-07-18 22:19:43 TRACE [http-nio-8081-exec-5] c.s.i.c.s.JwtAuthenticationFilter - Request to the JWT Filter : null
2025-07-18 22:19:43 INFO  [http-nio-8081-exec-5] c.s.irctc.aspects.LoggingAspect - Before method Execution listStations 
2025-07-18 22:19:43 INFO  [http-nio-8081-exec-5] c.s.irctc.aspects.LoggingAspect - Time taken 32 ms
2025-07-18 22:19:43 INFO  [http-nio-8081-exec-5] c.s.irctc.aspects.LoggingAspect - After  method Execution listStations 
2025-07-18 22:20:11 TRACE [http-nio-8081-exec-7] c.s.i.c.s.JwtAuthenticationFilter - Request to the JWT Filter : null
2025-07-18 22:20:11 INFO  [http-nio-8081-exec-7] c.s.irctc.aspects.LoggingAspect - Before method Execution listStations 
2025-07-18 22:20:11 INFO  [http-nio-8081-exec-7] c.s.irctc.aspects.LoggingAspect - Time taken 6 ms
2025-07-18 22:20:11 INFO  [http-nio-8081-exec-7] c.s.irctc.aspects.LoggingAspect - After  method Execution listStations 
2025-07-18 22:20:29 TRACE [http-nio-8081-exec-8] c.s.i.c.s.JwtAuthenticationFilter - Request to the JWT Filter : null
2025-07-18 22:20:29 INFO  [http-nio-8081-exec-8] c.s.irctc.aspects.LoggingAspect - Before method Execution listStations 
2025-07-18 22:20:29 INFO  [http-nio-8081-exec-8] c.s.irctc.aspects.LoggingAspect - Time taken 8 ms
2025-07-18 22:20:29 INFO  [http-nio-8081-exec-8] c.s.irctc.aspects.LoggingAspect - After  method Execution listStations 
2025-07-18 22:33:56 TRACE [http-nio-8081-exec-6] c.s.i.c.s.JwtAuthenticationFilter - Request to the JWT Filter : null
2025-07-18 22:33:56 INFO  [http-nio-8081-exec-6] c.s.irctc.aspects.LoggingAspect - Before method Execution listStations 
2025-07-18 22:33:56 INFO  [http-nio-8081-exec-6] c.s.irctc.aspects.LoggingAspect - Time taken 13 ms
2025-07-18 22:33:56 INFO  [http-nio-8081-exec-6] c.s.irctc.aspects.LoggingAspect - After  method Execution listStations 
2025-07-18 22:37:13 TRACE [http-nio-8081-exec-3] c.s.i.c.s.JwtAuthenticationFilter - Request to the JWT Filter : null
2025-07-18 22:37:13 INFO  [http-nio-8081-exec-3] c.s.irctc.aspects.LoggingAspect - Before method Execution listStations 
2025-07-18 22:37:13 INFO  [http-nio-8081-exec-3] c.s.irctc.aspects.LoggingAspect - Time taken 14 ms
2025-07-18 22:37:13 INFO  [http-nio-8081-exec-3] c.s.irctc.aspects.LoggingAspect - After  method Execution listStations 
2025-07-18 22:37:18 TRACE [http-nio-8081-exec-4] c.s.i.c.s.JwtAuthenticationFilter - Request to the JWT Filter : null
2025-07-18 22:37:18 INFO  [http-nio-8081-exec-4] c.s.irctc.aspects.LoggingAspect - Before method Execution listStations 
2025-07-18 22:37:18 INFO  [http-nio-8081-exec-4] c.s.irctc.aspects.LoggingAspect - Time taken 7 ms
2025-07-18 22:37:18 INFO  [http-nio-8081-exec-4] c.s.irctc.aspects.LoggingAspect - After  method Execution listStations 
2025-07-18 22:38:21 TRACE [http-nio-8081-exec-5] c.s.i.c.s.JwtAuthenticationFilter - Request to the JWT Filter : null
2025-07-18 22:38:21 INFO  [http-nio-8081-exec-5] c.s.irctc.aspects.LoggingAspect - Before method Execution getAllTrains 
2025-07-18 22:38:21 INFO  [http-nio-8081-exec-5] c.s.irctc.aspects.LoggingAspect - Time taken 16 ms
2025-07-18 22:38:21 INFO  [http-nio-8081-exec-5] c.s.irctc.aspects.LoggingAspect - After  method Execution getAllTrains 
2025-07-18 22:39:00 TRACE [http-nio-8081-exec-8] c.s.i.c.s.JwtAuthenticationFilter - Request to the JWT Filter : null
2025-07-18 22:39:00 INFO  [http-nio-8081-exec-8] c.s.irctc.aspects.LoggingAspect - Before method Execution listStations 
2025-07-18 22:39:00 INFO  [http-nio-8081-exec-8] c.s.irctc.aspects.LoggingAspect - Time taken 11 ms
2025-07-18 22:39:00 INFO  [http-nio-8081-exec-8] c.s.irctc.aspects.LoggingAspect - After  method Execution listStations 
2025-07-18 22:39:01 TRACE [http-nio-8081-exec-9] c.s.i.c.s.JwtAuthenticationFilter - Request to the JWT Filter : null
2025-07-18 22:39:01 INFO  [http-nio-8081-exec-9] c.s.irctc.aspects.LoggingAspect - Before method Execution getAllTrains 
2025-07-18 22:39:01 INFO  [http-nio-8081-exec-9] c.s.irctc.aspects.LoggingAspect - Time taken 12 ms
2025-07-18 22:39:01 INFO  [http-nio-8081-exec-9] c.s.irctc.aspects.LoggingAspect - After  method Execution getAllTrains 
2025-07-18 22:39:03 TRACE [http-nio-8081-exec-6] c.s.i.c.s.JwtAuthenticationFilter - Request to the JWT Filter : null
2025-07-18 22:39:03 INFO  [http-nio-8081-exec-6] c.s.irctc.aspects.LoggingAspect - Before method Execution listStations 
2025-07-18 22:39:03 INFO  [http-nio-8081-exec-6] c.s.irctc.aspects.LoggingAspect - Time taken 9 ms
2025-07-18 22:39:03 INFO  [http-nio-8081-exec-6] c.s.irctc.aspects.LoggingAspect - After  method Execution listStations 
2025-07-18 22:39:05 TRACE [http-nio-8081-exec-10] c.s.i.c.s.JwtAuthenticationFilter - Request to the JWT Filter : null
2025-07-18 22:39:05 INFO  [http-nio-8081-exec-10] c.s.irctc.aspects.LoggingAspect - Before method Execution listStations 
2025-07-18 22:39:05 INFO  [http-nio-8081-exec-10] c.s.irctc.aspects.LoggingAspect - Time taken 9 ms
2025-07-18 22:39:05 INFO  [http-nio-8081-exec-10] c.s.irctc.aspects.LoggingAspect - After  method Execution listStations 
2025-07-18 22:39:29 TRACE [http-nio-8081-exec-3] c.s.i.c.s.JwtAuthenticationFilter - Request to the JWT Filter : null
2025-07-18 22:39:29 INFO  [http-nio-8081-exec-3] c.s.irctc.aspects.LoggingAspect - Before method Execution listStations 
2025-07-18 22:39:29 INFO  [http-nio-8081-exec-3] c.s.irctc.aspects.LoggingAspect - Time taken 9 ms
2025-07-18 22:39:29 INFO  [http-nio-8081-exec-3] c.s.irctc.aspects.LoggingAspect - After  method Execution listStations 
2025-07-18 22:39:47 TRACE [http-nio-8081-exec-2] c.s.i.c.s.JwtAuthenticationFilter - Request to the JWT Filter : null
2025-07-18 22:39:47 INFO  [http-nio-8081-exec-2] c.s.irctc.aspects.LoggingAspect - Before method Execution getAllTrains 
2025-07-18 22:39:47 INFO  [http-nio-8081-exec-2] c.s.irctc.aspects.LoggingAspect - Time taken 17 ms
2025-07-18 22:39:47 INFO  [http-nio-8081-exec-2] c.s.irctc.aspects.LoggingAspect - After  method Execution getAllTrains 
2025-07-18 22:40:02 TRACE [http-nio-8081-exec-4] c.s.i.c.s.JwtAuthenticationFilter - Request to the JWT Filter : null
2025-07-18 22:40:02 INFO  [http-nio-8081-exec-4] c.s.irctc.aspects.LoggingAspect - Before method Execution listStations 
2025-07-18 22:40:02 INFO  [http-nio-8081-exec-4] c.s.irctc.aspects.LoggingAspect - Time taken 14 ms
2025-07-18 22:40:02 INFO  [http-nio-8081-exec-4] c.s.irctc.aspects.LoggingAspect - After  method Execution listStations 
2025-07-18 22:40:05 TRACE [http-nio-8081-exec-1] c.s.i.c.s.JwtAuthenticationFilter - Request to the JWT Filter : null
2025-07-18 22:40:05 INFO  [http-nio-8081-exec-1] c.s.irctc.aspects.LoggingAspect - Before method Execution getAllTrains 
2025-07-18 22:40:05 INFO  [http-nio-8081-exec-1] c.s.irctc.aspects.LoggingAspect - Time taken 13 ms
2025-07-18 22:40:05 INFO  [http-nio-8081-exec-1] c.s.irctc.aspects.LoggingAspect - After  method Execution getAllTrains 
2025-07-18 22:40:33 TRACE [http-nio-8081-exec-5] c.s.i.c.s.JwtAuthenticationFilter - Request to the JWT Filter : null
2025-07-18 22:40:33 INFO  [http-nio-8081-exec-5] c.s.irctc.aspects.LoggingAspect - Before method Execution getAllTrains 
2025-07-18 22:40:33 INFO  [http-nio-8081-exec-5] c.s.irctc.aspects.LoggingAspect - Time taken 10 ms
2025-07-18 22:40:33 INFO  [http-nio-8081-exec-5] c.s.irctc.aspects.LoggingAspect - After  method Execution getAllTrains 
2025-07-18 22:40:34 TRACE [http-nio-8081-exec-7] c.s.i.c.s.JwtAuthenticationFilter - Request to the JWT Filter : null
2025-07-18 22:40:34 INFO  [http-nio-8081-exec-7] c.s.irctc.aspects.LoggingAspect - Before method Execution listStations 
2025-07-18 22:40:34 INFO  [http-nio-8081-exec-7] c.s.irctc.aspects.LoggingAspect - Time taken 10 ms
2025-07-18 22:40:34 INFO  [http-nio-8081-exec-7] c.s.irctc.aspects.LoggingAspect - After  method Execution listStations 
2025-07-18 22:41:48 TRACE [http-nio-8081-exec-9] c.s.i.c.s.JwtAuthenticationFilter - Request to the JWT Filter : null
2025-07-18 22:41:48 INFO  [http-nio-8081-exec-9] c.s.irctc.aspects.LoggingAspect - Before method Execution listStations 
2025-07-18 22:41:48 INFO  [http-nio-8081-exec-9] c.s.irctc.aspects.LoggingAspect - Time taken 7 ms
2025-07-18 22:41:48 INFO  [http-nio-8081-exec-9] c.s.irctc.aspects.LoggingAspect - After  method Execution listStations 
2025-07-18 22:41:53 TRACE [http-nio-8081-exec-6] c.s.i.c.s.JwtAuthenticationFilter - Request to the JWT Filter : null
2025-07-18 22:41:53 INFO  [http-nio-8081-exec-6] c.s.irctc.aspects.LoggingAspect - Before method Execution getAllTrains 
2025-07-18 22:41:53 INFO  [http-nio-8081-exec-6] c.s.irctc.aspects.LoggingAspect - Time taken 12 ms
2025-07-18 22:41:53 INFO  [http-nio-8081-exec-6] c.s.irctc.aspects.LoggingAspect - After  method Execution getAllTrains 
2025-07-18 22:42:06 TRACE [http-nio-8081-exec-10] c.s.i.c.s.JwtAuthenticationFilter - Request to the JWT Filter : null
2025-07-18 22:42:06 INFO  [http-nio-8081-exec-10] c.s.irctc.aspects.LoggingAspect - Before method Execution listStations 
2025-07-18 22:42:06 INFO  [http-nio-8081-exec-10] c.s.irctc.aspects.LoggingAspect - Time taken 6 ms
2025-07-18 22:42:06 INFO  [http-nio-8081-exec-10] c.s.irctc.aspects.LoggingAspect - After  method Execution listStations 
2025-07-18 22:43:54 TRACE [http-nio-8081-exec-2] c.s.i.c.s.JwtAuthenticationFilter - Request to the JWT Filter : null
2025-07-18 22:43:54 INFO  [http-nio-8081-exec-2] c.s.irctc.aspects.LoggingAspect - Before method Execution listStations 
2025-07-18 22:43:54 INFO  [http-nio-8081-exec-2] c.s.irctc.aspects.LoggingAspect - Time taken 9 ms
2025-07-18 22:43:54 INFO  [http-nio-8081-exec-2] c.s.irctc.aspects.LoggingAspect - After  method Execution listStations 
2025-07-18 22:51:48 INFO  [SpringApplicationShutdownHook] o.s.b.w.e.tomcat.GracefulShutdown - Commencing graceful shutdown. Waiting for active requests to complete
2025-07-18 22:51:48 INFO  [tomcat-shutdown] o.s.b.w.e.tomcat.GracefulShutdown - Graceful shutdown complete
2025-07-18 22:51:48 INFO  [SpringApplicationShutdownHook] o.s.o.j.LocalContainerEntityManagerFactoryBean - Closing JPA EntityManagerFactory for persistence unit 'default'
2025-07-18 22:51:48 INFO  [SpringApplicationShutdownHook] com.zaxxer.hikari.HikariDataSource - HikariPool-1 - Shutdown initiated...
2025-07-18 22:51:48 INFO  [SpringApplicationShutdownHook] com.zaxxer.hikari.HikariDataSource - HikariPool-1 - Shutdown completed.
